<?xml version="1.0" encoding="UTF-8"?>
<robot generator="Robot 6.0.2 (Python 3.9.13 on win32)" generated="20230130 19:46:22.571" rpa="false" schemaversion="3">
<suite id="s1" name="Crm" source="c:\development\robot-scripts\robotframework_course_test_automation\tests\crm.robot">
<test id="s1-t1" name="Should be able to add new customer" line="11">
<kw name="Set Selenium Speed" library="SeleniumLibrary">
<arg>.2s</arg>
<doc>Sets the delay that is waited after each Selenium command.</doc>
<status status="PASS" starttime="20230130 19:46:22.693" endtime="20230130 19:46:22.693"/>
</kw>
<kw name="Set Selenium Timeout" library="SeleniumLibrary">
<arg>5s</arg>
<doc>Sets the timeout that is used by various keywords.</doc>
<status status="PASS" starttime="20230130 19:46:22.693" endtime="20230130 19:46:22.693"/>
</kw>
<kw name="Log" library="BuiltIn">
<arg>Starting the test case!</arg>
<doc>Logs the given message with the given level.</doc>
<msg timestamp="20230130 19:46:22.694" level="INFO">Starting the test case!</msg>
<status status="PASS" starttime="20230130 19:46:22.694" endtime="20230130 19:46:22.694"/>
</kw>
<kw name="Open Browser" library="SeleniumLibrary">
<arg>https://automationplayground.com/crm/</arg>
<arg>chrome</arg>
<doc>Opens a new browser instance to the optional ``url``.</doc>
<msg timestamp="20230130 19:46:22.694" level="INFO">Opening browser 'chrome' to base url 'https://automationplayground.com/crm/'.</msg>
<status status="PASS" starttime="20230130 19:46:22.694" endtime="20230130 19:46:24.427"/>
</kw>
<kw name="Page Should Contain" library="SeleniumLibrary">
<arg>Customers Are Priority One!</arg>
<doc>Verifies that current page contains ``text``.</doc>
<msg timestamp="20230130 19:46:24.865" level="INFO">Current page contains text 'Customers Are Priority One!'.</msg>
<status status="PASS" starttime="20230130 19:46:24.429" endtime="20230130 19:46:24.865"/>
</kw>
<kw name="Click Link" library="SeleniumLibrary">
<arg>id=SignIn</arg>
<doc>Clicks a link identified by ``locator``.</doc>
<msg timestamp="20230130 19:46:24.866" level="INFO">Clicking link 'id=SignIn'.</msg>
<status status="PASS" starttime="20230130 19:46:24.865" endtime="20230130 19:46:25.711"/>
</kw>
<kw name="Page Should Contain" library="SeleniumLibrary">
<arg>Login</arg>
<doc>Verifies that current page contains ``text``.</doc>
<msg timestamp="20230130 19:46:26.150" level="INFO">Current page contains text 'Login'.</msg>
<status status="PASS" starttime="20230130 19:46:25.712" endtime="20230130 19:46:26.150"/>
</kw>
<kw name="Input Text" library="SeleniumLibrary">
<arg>id=email-id</arg>
<arg>admin@fakeemail.com</arg>
<doc>Types the given ``text`` into the text field identified by ``locator``.</doc>
<msg timestamp="20230130 19:46:26.152" level="INFO">Typing text 'admin@fakeemail.com' into text field 'id=email-id'.</msg>
<status status="PASS" starttime="20230130 19:46:26.151" endtime="20230130 19:46:26.860"/>
</kw>
<kw name="Input Text" library="SeleniumLibrary">
<arg>id=password</arg>
<arg>qwerty123</arg>
<doc>Types the given ``text`` into the text field identified by ``locator``.</doc>
<msg timestamp="20230130 19:46:26.862" level="INFO">Typing text 'qwerty123' into text field 'id=password'.</msg>
<status status="PASS" starttime="20230130 19:46:26.861" endtime="20230130 19:46:27.537"/>
</kw>
<kw name="Click Button" library="SeleniumLibrary">
<arg>Submit</arg>
<doc>Clicks the button identified by ``locator``.</doc>
<msg timestamp="20230130 19:46:27.537" level="INFO">Clicking button 'Submit'.</msg>
<status status="PASS" starttime="20230130 19:46:27.537" endtime="20230130 19:46:28.739"/>
</kw>
<kw name="Page Should Contain" library="SeleniumLibrary">
<arg>Our Happy Customers</arg>
<doc>Verifies that current page contains ``text``.</doc>
<msg timestamp="20230130 19:46:29.163" level="INFO">Current page contains text 'Our Happy Customers'.</msg>
<status status="PASS" starttime="20230130 19:46:28.739" endtime="20230130 19:46:29.163"/>
</kw>
<kw name="Click Link" library="SeleniumLibrary">
<arg>id=new-customer</arg>
<doc>Clicks a link identified by ``locator``.</doc>
<msg timestamp="20230130 19:46:29.165" level="INFO">Clicking link 'id=new-customer'.</msg>
<status status="PASS" starttime="20230130 19:46:29.164" endtime="20230130 19:46:30.099"/>
</kw>
<kw name="Page Should Contain" library="SeleniumLibrary">
<arg>Add Customer</arg>
<doc>Verifies that current page contains ``text``.</doc>
<msg timestamp="20230130 19:46:30.535" level="INFO">Current page contains text 'Add Customer'.</msg>
<status status="PASS" starttime="20230130 19:46:30.100" endtime="20230130 19:46:30.535"/>
</kw>
<kw name="Input Text" library="SeleniumLibrary">
<arg>id=EmailAddress</arg>
<arg>max.mustermann@fakemail.com</arg>
<doc>Types the given ``text`` into the text field identified by ``locator``.</doc>
<msg timestamp="20230130 19:46:30.536" level="INFO">Typing text 'max.mustermann@fakemail.com' into text field 'id=EmailAddress'.</msg>
<status status="PASS" starttime="20230130 19:46:30.535" endtime="20230130 19:46:31.242"/>
</kw>
<kw name="Input Text" library="SeleniumLibrary">
<arg>id=FirstName</arg>
<arg>Max</arg>
<doc>Types the given ``text`` into the text field identified by ``locator``.</doc>
<msg timestamp="20230130 19:46:31.244" level="INFO">Typing text 'Max' into text field 'id=FirstName'.</msg>
<status status="PASS" starttime="20230130 19:46:31.243" endtime="20230130 19:46:31.962"/>
</kw>
<kw name="Input Text" library="SeleniumLibrary">
<arg>id=LastName</arg>
<arg>Mustermann</arg>
<doc>Types the given ``text`` into the text field identified by ``locator``.</doc>
<msg timestamp="20230130 19:46:31.964" level="INFO">Typing text 'Mustermann' into text field 'id=LastName'.</msg>
<status status="PASS" starttime="20230130 19:46:31.963" endtime="20230130 19:46:32.681"/>
</kw>
<kw name="Input Text" library="SeleniumLibrary">
<arg>id=City</arg>
<arg>Berlin</arg>
<doc>Types the given ``text`` into the text field identified by ``locator``.</doc>
<msg timestamp="20230130 19:46:32.683" level="INFO">Typing text 'Berlin' into text field 'id=City'.</msg>
<status status="PASS" starttime="20230130 19:46:32.682" endtime="20230130 19:46:33.384"/>
</kw>
<kw name="Select From List By Value" library="SeleniumLibrary">
<arg>id=StateOrRegion</arg>
<arg>TX</arg>
<doc>Selects options from selection list ``locator`` by ``values``.</doc>
<msg timestamp="20230130 19:46:33.387" level="INFO">Selecting options from selection list 'id=StateOrRegion' by value TX.</msg>
<status status="PASS" starttime="20230130 19:46:33.386" endtime="20230130 19:46:35.149"/>
</kw>
<kw name="Select Radio Button" library="SeleniumLibrary">
<arg>gender</arg>
<arg>male</arg>
<doc>Sets the radio button group ``group_name`` to ``value``.</doc>
<msg timestamp="20230130 19:46:35.150" level="INFO">Selecting 'male' from radio button 'gender'.</msg>
<status status="PASS" starttime="20230130 19:46:35.149" endtime="20230130 19:46:35.832"/>
</kw>
<kw name="Select Checkbox" library="SeleniumLibrary">
<arg>promos-name</arg>
<doc>Selects the checkbox identified by ``locator``.</doc>
<msg timestamp="20230130 19:46:35.832" level="INFO">Selecting checkbox 'promos-name'.</msg>
<status status="PASS" starttime="20230130 19:46:35.832" endtime="20230130 19:46:36.731"/>
</kw>
<kw name="Click Button" library="SeleniumLibrary">
<arg>Submit</arg>
<doc>Clicks the button identified by ``locator``.</doc>
<msg timestamp="20230130 19:46:36.732" level="INFO">Clicking button 'Submit'.</msg>
<status status="PASS" starttime="20230130 19:46:36.731" endtime="20230130 19:46:37.838"/>
</kw>
<kw name="Page Should Contain" library="SeleniumLibrary">
<arg>Success! New customer added.</arg>
<doc>Verifies that current page contains ``text``.</doc>
<msg timestamp="20230130 19:46:38.287" level="INFO">Current page contains text 'Success! New customer added.'.</msg>
<status status="PASS" starttime="20230130 19:46:37.839" endtime="20230130 19:46:38.288"/>
</kw>
<kw name="Sleep" library="BuiltIn">
<arg>3s</arg>
<doc>Pauses the test executed for the given time.</doc>
<msg timestamp="20230130 19:46:41.295" level="INFO">Slept 3 seconds</msg>
<status status="PASS" starttime="20230130 19:46:38.289" endtime="20230130 19:46:41.295"/>
</kw>
<kw name="Close Browser" library="SeleniumLibrary">
<doc>Closes the current browser.</doc>
<status status="PASS" starttime="20230130 19:46:41.296" endtime="20230130 19:46:43.545"/>
</kw>
<doc>This is some basic info about the test</doc>
<tag>1006</tag>
<tag>Contacts</tag>
<tag>Smoke</tag>
<status status="PASS" starttime="20230130 19:46:22.692" endtime="20230130 19:46:43.546"/>
</test>
<doc>This is some basic info about the whole suite</doc>
<status status="PASS" starttime="20230130 19:46:22.573" endtime="20230130 19:46:43.549"/>
</suite>
<statistics>
<total>
<stat pass="1" fail="0" skip="0">All Tests</stat>
</total>
<tag>
<stat pass="1" fail="0" skip="0">1006</stat>
<stat pass="1" fail="0" skip="0">Contacts</stat>
<stat pass="1" fail="0" skip="0">Smoke</stat>
</tag>
<suite>
<stat pass="1" fail="0" skip="0" id="s1" name="Crm">Crm</stat>
</suite>
</statistics>
<errors>
</errors>
</robot>
