<?xml version="1.0" encoding="UTF-8"?>
<robot generator="Robot 6.0.2 (Python 3.9.13 on win32)" generated="20230131 21:33:31.452" rpa="false" schemaversion="3">
<suite id="s1" name="Crm" source="C:\development\robot-scripts\robotframework_course_test_automation\Tests\crm.robot">
<test id="s1-t1" name="User can add new customer" line="14">
<kw name="Begin Web Test" library="common" type="SETUP">
<kw name="Set Selenium Speed" library="SeleniumLibrary">
<arg>.2s</arg>
<doc>Sets the delay that is waited after each Selenium command.</doc>
<status status="PASS" starttime="20230131 21:33:31.579" endtime="20230131 21:33:31.579"/>
</kw>
<kw name="Set Selenium Timeout" library="SeleniumLibrary">
<arg>5s</arg>
<doc>Sets the timeout that is used by various keywords.</doc>
<status status="PASS" starttime="20230131 21:33:31.579" endtime="20230131 21:33:31.579"/>
</kw>
<kw name="Log" library="BuiltIn">
<arg>Starting the test case!</arg>
<doc>Logs the given message with the given level.</doc>
<msg timestamp="20230131 21:33:31.579" level="INFO">Starting the test case!</msg>
<status status="PASS" starttime="20230131 21:33:31.579" endtime="20230131 21:33:31.579"/>
</kw>
<kw name="Open Browser" library="SeleniumLibrary">
<arg>https://automationplayground.com/crm/</arg>
<arg>chrome</arg>
<doc>Opens a new browser instance to the optional ``url``.</doc>
<msg timestamp="20230131 21:33:31.579" level="INFO">Opening browser 'chrome' to base url 'https://automationplayground.com/crm/'.</msg>
<status status="PASS" starttime="20230131 21:33:31.579" endtime="20230131 21:33:33.799"/>
</kw>
<kw name="Page Should Contain" library="SeleniumLibrary">
<arg>Customers Are Priority One!</arg>
<doc>Verifies that current page contains ``text``.</doc>
<msg timestamp="20230131 21:33:34.233" level="INFO">Current page contains text 'Customers Are Priority One!'.</msg>
<status status="PASS" starttime="20230131 21:33:33.799" endtime="20230131 21:33:34.233"/>
</kw>
<status status="PASS" starttime="20230131 21:33:31.579" endtime="20230131 21:33:34.233"/>
</kw>
<kw name="Sign In" library="crm">
<kw name="Load" library="LandingPage">
<kw name="Go To" library="SeleniumLibrary">
<arg>https://automationplayground.com/crm/</arg>
<doc>Navigates the current browser window to the provided ``url``.</doc>
<msg timestamp="20230131 21:33:34.235" level="INFO">Opening url 'https://automationplayground.com/crm/'</msg>
<status status="PASS" starttime="20230131 21:33:34.235" endtime="20230131 21:33:34.588"/>
</kw>
<status status="PASS" starttime="20230131 21:33:34.234" endtime="20230131 21:33:34.589"/>
</kw>
<kw name="Verify Landing Page Loaded" library="LandingPage">
<kw name="Wait Until Page Contains" library="SeleniumLibrary">
<arg>Customers Are Priority One!</arg>
<doc>Waits until ``text`` appears on the current page.</doc>
<status status="PASS" starttime="20230131 21:33:34.591" endtime="20230131 21:33:34.804"/>
</kw>
<status status="PASS" starttime="20230131 21:33:34.590" endtime="20230131 21:33:34.804"/>
</kw>
<kw name="Click Sign In Link" library="TopNav">
<kw name="Click Link" library="SeleniumLibrary">
<arg>id=SignIn</arg>
<doc>Clicks a link identified by ``locator``.</doc>
<msg timestamp="20230131 21:33:34.806" level="INFO">Clicking link 'id=SignIn'.</msg>
<status status="PASS" starttime="20230131 21:33:34.805" endtime="20230131 21:33:35.633"/>
</kw>
<status status="PASS" starttime="20230131 21:33:34.804" endtime="20230131 21:33:35.633"/>
</kw>
<kw name="Verify Sign In Page Loaded" library="SignInPage">
<kw name="Wait Until Page Contains" library="SeleniumLibrary">
<arg>Login</arg>
<doc>Waits until ``text`` appears on the current page.</doc>
<status status="PASS" starttime="20230131 21:33:35.634" endtime="20230131 21:33:35.851"/>
</kw>
<status status="PASS" starttime="20230131 21:33:35.633" endtime="20230131 21:33:35.851"/>
</kw>
<kw name="Sign In" library="SignInPage">
<kw name="Input Text" library="SeleniumLibrary">
<arg>id=email-id</arg>
<arg>admin@fakeemail.com</arg>
<doc>Types the given ``text`` into the text field identified by ``locator``.</doc>
<msg timestamp="20230131 21:33:35.853" level="INFO">Typing text 'admin@fakeemail.com' into text field 'id=email-id'.</msg>
<status status="PASS" starttime="20230131 21:33:35.852" endtime="20230131 21:33:36.581"/>
</kw>
<kw name="Input Text" library="SeleniumLibrary">
<arg>id=password</arg>
<arg>qwerty123</arg>
<doc>Types the given ``text`` into the text field identified by ``locator``.</doc>
<msg timestamp="20230131 21:33:36.582" level="INFO">Typing text 'qwerty123' into text field 'id=password'.</msg>
<status status="PASS" starttime="20230131 21:33:36.581" endtime="20230131 21:33:37.278"/>
</kw>
<kw name="Click Button" library="SeleniumLibrary">
<arg>Submit</arg>
<doc>Clicks the button identified by ``locator``.</doc>
<msg timestamp="20230131 21:33:37.278" level="INFO">Clicking button 'Submit'.</msg>
<status status="PASS" starttime="20230131 21:33:37.278" endtime="20230131 21:33:38.477"/>
</kw>
<status status="PASS" starttime="20230131 21:33:35.851" endtime="20230131 21:33:38.477"/>
</kw>
<kw name="Verify Home Page Loaded" library="HomePage">
<kw name="Wait Until Page Contains" library="SeleniumLibrary">
<arg>Our Happy Customers</arg>
<doc>Waits until ``text`` appears on the current page.</doc>
<status status="PASS" starttime="20230131 21:33:38.477" endtime="20230131 21:33:38.695"/>
</kw>
<status status="PASS" starttime="20230131 21:33:38.477" endtime="20230131 21:33:38.695"/>
</kw>
<status status="PASS" starttime="20230131 21:33:34.234" endtime="20230131 21:33:38.695"/>
</kw>
<kw name="Add New Customer" library="crm">
<kw name="Click New Customer Button" library="HomePage">
<kw name="Click Link" library="SeleniumLibrary">
<arg>id=new-customer</arg>
<doc>Clicks a link identified by ``locator``.</doc>
<msg timestamp="20230131 21:33:38.698" level="INFO">Clicking link 'id=new-customer'.</msg>
<status status="PASS" starttime="20230131 21:33:38.697" endtime="20230131 21:33:39.722"/>
</kw>
<status status="PASS" starttime="20230131 21:33:38.697" endtime="20230131 21:33:39.723"/>
</kw>
<kw name="Verify Add New Customer Page Loaded" library="AddNewCustomerPage">
<kw name="Wait Until Page Contains" library="SeleniumLibrary">
<arg>Add Customer</arg>
<doc>Waits until ``text`` appears on the current page.</doc>
<status status="PASS" starttime="20230131 21:33:39.726" endtime="20230131 21:33:39.954"/>
</kw>
<status status="PASS" starttime="20230131 21:33:39.724" endtime="20230131 21:33:39.954"/>
</kw>
<kw name="Add New Customer" library="AddNewCustomerPage">
<kw name="Input Text" library="SeleniumLibrary">
<arg>id=EmailAddress</arg>
<arg>max.mustermann@fakemail.com</arg>
<doc>Types the given ``text`` into the text field identified by ``locator``.</doc>
<msg timestamp="20230131 21:33:39.958" level="INFO">Typing text 'max.mustermann@fakemail.com' into text field 'id=EmailAddress'.</msg>
<status status="PASS" starttime="20230131 21:33:39.955" endtime="20230131 21:33:40.698"/>
</kw>
<kw name="Input Text" library="SeleniumLibrary">
<arg>id=FirstName</arg>
<arg>Max</arg>
<doc>Types the given ``text`` into the text field identified by ``locator``.</doc>
<msg timestamp="20230131 21:33:40.698" level="INFO">Typing text 'Max' into text field 'id=FirstName'.</msg>
<status status="PASS" starttime="20230131 21:33:40.698" endtime="20230131 21:33:41.398"/>
</kw>
<kw name="Input Text" library="SeleniumLibrary">
<arg>id=LastName</arg>
<arg>Mustermann</arg>
<doc>Types the given ``text`` into the text field identified by ``locator``.</doc>
<msg timestamp="20230131 21:33:41.399" level="INFO">Typing text 'Mustermann' into text field 'id=LastName'.</msg>
<status status="PASS" starttime="20230131 21:33:41.398" endtime="20230131 21:33:42.114"/>
</kw>
<kw name="Input Text" library="SeleniumLibrary">
<arg>id=City</arg>
<arg>Berlin</arg>
<doc>Types the given ``text`` into the text field identified by ``locator``.</doc>
<msg timestamp="20230131 21:33:42.115" level="INFO">Typing text 'Berlin' into text field 'id=City'.</msg>
<status status="PASS" starttime="20230131 21:33:42.114" endtime="20230131 21:33:42.828"/>
</kw>
<kw name="Select From List By Value" library="SeleniumLibrary">
<arg>id=StateOrRegion</arg>
<arg>TX</arg>
<doc>Selects options from selection list ``locator`` by ``values``.</doc>
<msg timestamp="20230131 21:33:42.829" level="INFO">Selecting options from selection list 'id=StateOrRegion' by value TX.</msg>
<status status="PASS" starttime="20230131 21:33:42.828" endtime="20230131 21:33:44.580"/>
</kw>
<kw name="Select Radio Button" library="SeleniumLibrary">
<arg>gender</arg>
<arg>male</arg>
<doc>Sets the radio button group ``group_name`` to ``value``.</doc>
<msg timestamp="20230131 21:33:44.581" level="INFO">Selecting 'male' from radio button 'gender'.</msg>
<status status="PASS" starttime="20230131 21:33:44.580" endtime="20230131 21:33:45.266"/>
</kw>
<kw name="Select Checkbox" library="SeleniumLibrary">
<arg>promos-name</arg>
<doc>Selects the checkbox identified by ``locator``.</doc>
<msg timestamp="20230131 21:33:45.267" level="INFO">Selecting checkbox 'promos-name'.</msg>
<status status="PASS" starttime="20230131 21:33:45.266" endtime="20230131 21:33:46.167"/>
</kw>
<kw name="Click Button" library="SeleniumLibrary">
<arg>Submit</arg>
<doc>Clicks the button identified by ``locator``.</doc>
<msg timestamp="20230131 21:33:46.168" level="INFO">Clicking button 'Submit'.</msg>
<status status="PASS" starttime="20230131 21:33:46.167" endtime="20230131 21:33:47.224"/>
</kw>
<status status="PASS" starttime="20230131 21:33:39.954" endtime="20230131 21:33:47.225"/>
</kw>
<kw name="Verify New Customer Added" library="HomePage">
<kw name="Wait Until Page Contains" library="SeleniumLibrary">
<arg>Success! New customer added.</arg>
<doc>Waits until ``text`` appears on the current page.</doc>
<status status="PASS" starttime="20230131 21:33:47.226" endtime="20230131 21:33:47.452"/>
</kw>
<status status="PASS" starttime="20230131 21:33:47.225" endtime="20230131 21:33:47.452"/>
</kw>
<status status="PASS" starttime="20230131 21:33:38.696" endtime="20230131 21:33:47.452"/>
</kw>
<kw name="Sign Out" library="crm">
<kw name="Click Sign Out Link" library="TopNav">
<kw name="Click Link" library="SeleniumLibrary">
<arg>Sign Out</arg>
<doc>Clicks a link identified by ``locator``.</doc>
<msg timestamp="20230131 21:33:47.456" level="INFO">Clicking link 'Sign Out'.</msg>
<status status="PASS" starttime="20230131 21:33:47.455" endtime="20230131 21:33:48.258"/>
</kw>
<status status="PASS" starttime="20230131 21:33:47.454" endtime="20230131 21:33:48.259"/>
</kw>
<kw name="Verify Sign Out Page Loaded" library="SignOutPage">
<kw name="Wait Until Page Contains" library="SeleniumLibrary">
<arg>Signed Out</arg>
<doc>Waits until ``text`` appears on the current page.</doc>
<status status="PASS" starttime="20230131 21:33:48.260" endtime="20230131 21:33:48.492"/>
</kw>
<status status="PASS" starttime="20230131 21:33:48.260" endtime="20230131 21:33:48.493"/>
</kw>
<status status="PASS" starttime="20230131 21:33:47.453" endtime="20230131 21:33:48.493"/>
</kw>
<kw name="End Web Test" library="common" type="TEARDOWN">
<kw name="Sleep" library="BuiltIn">
<arg>3s</arg>
<doc>Pauses the test executed for the given time.</doc>
<msg timestamp="20230131 21:33:51.501" level="INFO">Slept 3 seconds</msg>
<status status="PASS" starttime="20230131 21:33:48.494" endtime="20230131 21:33:51.501"/>
</kw>
<kw name="Close Browser" library="SeleniumLibrary">
<doc>Closes the current browser.</doc>
<status status="PASS" starttime="20230131 21:33:51.501" endtime="20230131 21:33:53.785"/>
</kw>
<status status="PASS" starttime="20230131 21:33:48.493" endtime="20230131 21:33:53.785"/>
</kw>
<status status="PASS" starttime="20230131 21:33:31.578" endtime="20230131 21:33:53.786"/>
</test>
<doc>This is some basic info about the whole suite</doc>
<status status="PASS" starttime="20230131 21:33:31.454" endtime="20230131 21:33:53.790"/>
</suite>
<statistics>
<total>
<stat pass="1" fail="0" skip="0">All Tests</stat>
</total>
<tag>
</tag>
<suite>
<stat pass="1" fail="0" skip="0" id="s1" name="Crm">Crm</stat>
</suite>
</statistics>
<errors>
</errors>
</robot>
