<?xml version="1.0" encoding="UTF-8"?>
<robot generator="Robot 6.0.2 (Python 3.9.13 on win32)" generated="20230201 21:16:01.867" rpa="false" schemaversion="3">
<suite id="s1" name="Crm" source="C:\development\robot-scripts\robotframework_course_test_automation\Tests\crm.robot">
<test id="s1-t1" name="User can add new customer" line="16">
<kw name="Begin Web Test" library="common" type="SETUP">
<kw name="Set Selenium Speed" library="SeleniumLibrary">
<arg>.2s</arg>
<doc>Sets the delay that is waited after each Selenium command.</doc>
<status status="PASS" starttime="20230201 21:16:01.998" endtime="20230201 21:16:01.998"/>
</kw>
<kw name="Set Selenium Timeout" library="SeleniumLibrary">
<arg>5s</arg>
<doc>Sets the timeout that is used by various keywords.</doc>
<status status="PASS" starttime="20230201 21:16:01.998" endtime="20230201 21:16:01.998"/>
</kw>
<kw name="Log" library="BuiltIn">
<arg>Starting the test case!</arg>
<doc>Logs the given message with the given level.</doc>
<msg timestamp="20230201 21:16:01.998" level="INFO">Starting the test case!</msg>
<status status="PASS" starttime="20230201 21:16:01.998" endtime="20230201 21:16:01.998"/>
</kw>
<kw name="Open Browser" library="SeleniumLibrary">
<arg>https://automationplayground.com/crm/</arg>
<arg>chrome</arg>
<doc>Opens a new browser instance to the optional ``url``.</doc>
<msg timestamp="20230201 21:16:01.999" level="INFO">Opening browser 'chrome' to base url 'https://automationplayground.com/crm/'.</msg>
<status status="PASS" starttime="20230201 21:16:01.998" endtime="20230201 21:16:03.737"/>
</kw>
<kw name="Page Should Contain" library="SeleniumLibrary">
<arg>Customers Are Priority One!</arg>
<doc>Verifies that current page contains ``text``.</doc>
<msg timestamp="20230201 21:16:04.192" level="INFO">Current page contains text 'Customers Are Priority One!'.</msg>
<status status="PASS" starttime="20230201 21:16:03.738" endtime="20230201 21:16:04.192"/>
</kw>
<status status="PASS" starttime="20230201 21:16:01.998" endtime="20230201 21:16:04.193"/>
</kw>
<kw name="Sign In" library="crm">
<kw name="Load" library="LandingPage">
<kw name="Go To" library="SeleniumLibrary">
<arg>https://automationplayground.com/crm/</arg>
<doc>Navigates the current browser window to the provided ``url``.</doc>
<msg timestamp="20230201 21:16:04.195" level="INFO">Opening url 'https://automationplayground.com/crm/'</msg>
<status status="PASS" starttime="20230201 21:16:04.195" endtime="20230201 21:16:04.549"/>
</kw>
<status status="PASS" starttime="20230201 21:16:04.194" endtime="20230201 21:16:04.549"/>
</kw>
<kw name="Verify Landing Page Loaded" library="LandingPage">
<kw name="Wait Until Page Contains" library="SeleniumLibrary">
<arg>Customers Are Priority One!</arg>
<doc>Waits until ``text`` appears on the current page.</doc>
<status status="PASS" starttime="20230201 21:16:04.550" endtime="20230201 21:16:04.767"/>
</kw>
<status status="PASS" starttime="20230201 21:16:04.550" endtime="20230201 21:16:04.767"/>
</kw>
<kw name="Click Sign In Link" library="TopNav">
<kw name="Click Link" library="SeleniumLibrary">
<arg>id=SignIn</arg>
<doc>Clicks a link identified by ``locator``.</doc>
<msg timestamp="20230201 21:16:04.769" level="INFO">Clicking link 'id=SignIn'.</msg>
<status status="PASS" starttime="20230201 21:16:04.768" endtime="20230201 21:16:05.616"/>
</kw>
<status status="PASS" starttime="20230201 21:16:04.768" endtime="20230201 21:16:05.617"/>
</kw>
<kw name="Verify Sign In Page Loaded" library="SignInPage">
<kw name="Wait Until Page Contains" library="SeleniumLibrary">
<arg>Login</arg>
<doc>Waits until ``text`` appears on the current page.</doc>
<status status="PASS" starttime="20230201 21:16:05.617" endtime="20230201 21:16:05.835"/>
</kw>
<status status="PASS" starttime="20230201 21:16:05.617" endtime="20230201 21:16:05.836"/>
</kw>
<kw name="Sign In" library="SignInPage">
<kw name="Input Text" library="SeleniumLibrary">
<arg>id=email-id</arg>
<arg>${EMAIL}</arg>
<doc>Types the given ``text`` into the text field identified by ``locator``.</doc>
<msg timestamp="20230201 21:16:05.838" level="INFO">Typing text 'max.mustermann@fakemail.com' into text field 'id=email-id'.</msg>
<status status="PASS" starttime="20230201 21:16:05.837" endtime="20230201 21:16:06.541"/>
</kw>
<kw name="Input Text" library="SeleniumLibrary">
<arg>id=password</arg>
<arg>qwerty123</arg>
<doc>Types the given ``text`` into the text field identified by ``locator``.</doc>
<msg timestamp="20230201 21:16:06.542" level="INFO">Typing text 'qwerty123' into text field 'id=password'.</msg>
<status status="PASS" starttime="20230201 21:16:06.541" endtime="20230201 21:16:07.247"/>
</kw>
<kw name="Click Button" library="SeleniumLibrary">
<arg>Submit</arg>
<doc>Clicks the button identified by ``locator``.</doc>
<msg timestamp="20230201 21:16:07.247" level="INFO">Clicking button 'Submit'.</msg>
<status status="PASS" starttime="20230201 21:16:07.247" endtime="20230201 21:16:08.463"/>
</kw>
<status status="PASS" starttime="20230201 21:16:05.836" endtime="20230201 21:16:08.463"/>
</kw>
<kw name="Verify Home Page Loaded" library="HomePage">
<kw name="Wait Until Page Contains" library="SeleniumLibrary">
<arg>Our Happy Customers</arg>
<doc>Waits until ``text`` appears on the current page.</doc>
<status status="PASS" starttime="20230201 21:16:08.463" endtime="20230201 21:16:08.685"/>
</kw>
<status status="PASS" starttime="20230201 21:16:08.463" endtime="20230201 21:16:08.685"/>
</kw>
<status status="PASS" starttime="20230201 21:16:04.194" endtime="20230201 21:16:08.685"/>
</kw>
<kw name="Add New Customer" library="crm">
<kw name="Click New Customer Button" library="HomePage">
<kw name="Click Link" library="SeleniumLibrary">
<arg>id=new-customer</arg>
<doc>Clicks a link identified by ``locator``.</doc>
<msg timestamp="20230201 21:16:08.687" level="INFO">Clicking link 'id=new-customer'.</msg>
<status status="PASS" starttime="20230201 21:16:08.687" endtime="20230201 21:16:09.629"/>
</kw>
<status status="PASS" starttime="20230201 21:16:08.686" endtime="20230201 21:16:09.630"/>
</kw>
<kw name="Verify Add New Customer Page Loaded" library="AddNewCustomerPage">
<kw name="Wait Until Page Contains" library="SeleniumLibrary">
<arg>Add Customer</arg>
<doc>Waits until ``text`` appears on the current page.</doc>
<status status="PASS" starttime="20230201 21:16:09.630" endtime="20230201 21:16:09.863"/>
</kw>
<status status="PASS" starttime="20230201 21:16:09.630" endtime="20230201 21:16:09.863"/>
</kw>
<kw name="Add New Customer" library="AddNewCustomerPage">
<kw name="Input Text" library="SeleniumLibrary">
<arg>id=EmailAddress</arg>
<arg>${EMAIL}</arg>
<doc>Types the given ``text`` into the text field identified by ``locator``.</doc>
<msg timestamp="20230201 21:16:09.865" level="INFO">Typing text 'max.mustermann@fakemail.com' into text field 'id=EmailAddress'.</msg>
<status status="PASS" starttime="20230201 21:16:09.864" endtime="20230201 21:16:10.573"/>
</kw>
<kw name="Input Text" library="SeleniumLibrary">
<arg>id=FirstName</arg>
<arg>Max</arg>
<doc>Types the given ``text`` into the text field identified by ``locator``.</doc>
<msg timestamp="20230201 21:16:10.574" level="INFO">Typing text 'Max' into text field 'id=FirstName'.</msg>
<status status="PASS" starttime="20230201 21:16:10.573" endtime="20230201 21:16:11.310"/>
</kw>
<kw name="Input Text" library="SeleniumLibrary">
<arg>id=LastName</arg>
<arg>Mustermann</arg>
<doc>Types the given ``text`` into the text field identified by ``locator``.</doc>
<msg timestamp="20230201 21:16:11.312" level="INFO">Typing text 'Mustermann' into text field 'id=LastName'.</msg>
<status status="PASS" starttime="20230201 21:16:11.310" endtime="20230201 21:16:12.017"/>
</kw>
<kw name="Input Text" library="SeleniumLibrary">
<arg>id=City</arg>
<arg>Berlin</arg>
<doc>Types the given ``text`` into the text field identified by ``locator``.</doc>
<msg timestamp="20230201 21:16:12.018" level="INFO">Typing text 'Berlin' into text field 'id=City'.</msg>
<status status="PASS" starttime="20230201 21:16:12.017" endtime="20230201 21:16:12.738"/>
</kw>
<kw name="Select From List By Value" library="SeleniumLibrary">
<arg>id=StateOrRegion</arg>
<arg>TX</arg>
<doc>Selects options from selection list ``locator`` by ``values``.</doc>
<msg timestamp="20230201 21:16:12.740" level="INFO">Selecting options from selection list 'id=StateOrRegion' by value TX.</msg>
<status status="PASS" starttime="20230201 21:16:12.738" endtime="20230201 21:16:14.520"/>
</kw>
<kw name="Select Radio Button" library="SeleniumLibrary">
<arg>gender</arg>
<arg>male</arg>
<doc>Sets the radio button group ``group_name`` to ``value``.</doc>
<msg timestamp="20230201 21:16:14.521" level="INFO">Selecting 'male' from radio button 'gender'.</msg>
<status status="PASS" starttime="20230201 21:16:14.520" endtime="20230201 21:16:15.199"/>
</kw>
<kw name="Select Checkbox" library="SeleniumLibrary">
<arg>promos-name</arg>
<doc>Selects the checkbox identified by ``locator``.</doc>
<msg timestamp="20230201 21:16:15.200" level="INFO">Selecting checkbox 'promos-name'.</msg>
<status status="PASS" starttime="20230201 21:16:15.199" endtime="20230201 21:16:16.104"/>
</kw>
<kw name="Click Button" library="SeleniumLibrary">
<arg>Submit</arg>
<doc>Clicks the button identified by ``locator``.</doc>
<msg timestamp="20230201 21:16:16.104" level="INFO">Clicking button 'Submit'.</msg>
<status status="PASS" starttime="20230201 21:16:16.104" endtime="20230201 21:16:17.164"/>
</kw>
<status status="PASS" starttime="20230201 21:16:09.864" endtime="20230201 21:16:17.164"/>
</kw>
<kw name="Verify New Customer Added" library="HomePage">
<kw name="Wait Until Page Contains" library="SeleniumLibrary">
<arg>Success! New customer added.</arg>
<doc>Waits until ``text`` appears on the current page.</doc>
<status status="PASS" starttime="20230201 21:16:17.165" endtime="20230201 21:16:17.386"/>
</kw>
<status status="PASS" starttime="20230201 21:16:17.165" endtime="20230201 21:16:17.386"/>
</kw>
<status status="PASS" starttime="20230201 21:16:08.686" endtime="20230201 21:16:17.387"/>
</kw>
<kw name="Sign Out" library="crm">
<kw name="Click Sign Out Link" library="TopNav">
<kw name="Click Link" library="SeleniumLibrary">
<arg>Sign Out</arg>
<doc>Clicks a link identified by ``locator``.</doc>
<msg timestamp="20230201 21:16:17.391" level="INFO">Clicking link 'Sign Out'.</msg>
<status status="PASS" starttime="20230201 21:16:17.390" endtime="20230201 21:16:18.213"/>
</kw>
<status status="PASS" starttime="20230201 21:16:17.389" endtime="20230201 21:16:18.213"/>
</kw>
<kw name="Verify Sign Out Page Loaded" library="SignOutPage">
<kw name="Wait Until Page Contains" library="SeleniumLibrary">
<arg>Signed Out</arg>
<doc>Waits until ``text`` appears on the current page.</doc>
<status status="PASS" starttime="20230201 21:16:18.214" endtime="20230201 21:16:18.447"/>
</kw>
<status status="PASS" starttime="20230201 21:16:18.214" endtime="20230201 21:16:18.447"/>
</kw>
<status status="PASS" starttime="20230201 21:16:17.388" endtime="20230201 21:16:18.447"/>
</kw>
<kw name="End Web Test" library="common" type="TEARDOWN">
<kw name="Sleep" library="BuiltIn">
<arg>3s</arg>
<doc>Pauses the test executed for the given time.</doc>
<msg timestamp="20230201 21:16:21.465" level="INFO">Slept 3 seconds</msg>
<status status="PASS" starttime="20230201 21:16:18.449" endtime="20230201 21:16:21.465"/>
</kw>
<kw name="Close Browser" library="SeleniumLibrary">
<doc>Closes the current browser.</doc>
<status status="PASS" starttime="20230201 21:16:21.465" endtime="20230201 21:16:23.752"/>
</kw>
<status status="PASS" starttime="20230201 21:16:18.448" endtime="20230201 21:16:23.753"/>
</kw>
<status status="PASS" starttime="20230201 21:16:01.996" endtime="20230201 21:16:23.754"/>
</test>
<doc>This is some basic info about the whole suite</doc>
<status status="PASS" starttime="20230201 21:16:01.869" endtime="20230201 21:16:23.758"/>
</suite>
<statistics>
<total>
<stat pass="1" fail="0" skip="0">All Tests</stat>
</total>
<tag>
</tag>
<suite>
<stat pass="1" fail="0" skip="0" id="s1" name="Crm">Crm</stat>
</suite>
</statistics>
<errors>
<msg timestamp="20230201 21:16:01.971" level="ERROR">Error in file 'C:\development\robot-scripts\robotframework_course_test_automation\Tests\crm.robot' on line 5: Setting 'Test Setup' is not allowed in resource file.</msg>
<msg timestamp="20230201 21:16:01.972" level="ERROR">Error in file 'C:\development\robot-scripts\robotframework_course_test_automation\Tests\crm.robot' on line 6: Setting 'Task Teardown' is not allowed in resource file.</msg>
<msg timestamp="20230201 21:16:01.972" level="ERROR">Error in file 'C:\development\robot-scripts\robotframework_course_test_automation\Resources\common.robot' on line 3: Error in file 'C:\development\robot-scripts\robotframework_course_test_automation\Tests\crm.robot' on line 15: Resource file with 'Test Cases' section is invalid.</msg>
<msg timestamp="20230201 21:16:01.979" level="ERROR">Error in file 'C:\development\robot-scripts\robotframework_course_test_automation\Tests\crm.robot' on line 5: Setting 'Test Setup' is not allowed in resource file.</msg>
<msg timestamp="20230201 21:16:01.980" level="ERROR">Error in file 'C:\development\robot-scripts\robotframework_course_test_automation\Tests\crm.robot' on line 6: Setting 'Task Teardown' is not allowed in resource file.</msg>
<msg timestamp="20230201 21:16:01.981" level="ERROR">Error in file 'C:\development\robot-scripts\robotframework_course_test_automation\Resources\Page Objects\LandingPage.robot' on line 3: Error in file 'C:\development\robot-scripts\robotframework_course_test_automation\Tests\crm.robot' on line 15: Resource file with 'Test Cases' section is invalid.</msg>
<msg timestamp="20230201 21:16:01.985" level="ERROR">Error in file 'C:\development\robot-scripts\robotframework_course_test_automation\Tests\crm.robot' on line 5: Setting 'Test Setup' is not allowed in resource file.</msg>
<msg timestamp="20230201 21:16:01.986" level="ERROR">Error in file 'C:\development\robot-scripts\robotframework_course_test_automation\Tests\crm.robot' on line 6: Setting 'Task Teardown' is not allowed in resource file.</msg>
<msg timestamp="20230201 21:16:01.986" level="ERROR">Error in file 'C:\development\robot-scripts\robotframework_course_test_automation\Resources\Page Objects\SignInPage.robot' on line 3: Error in file 'C:\development\robot-scripts\robotframework_course_test_automation\Tests\crm.robot' on line 15: Resource file with 'Test Cases' section is invalid.</msg>
<msg timestamp="20230201 21:16:01.991" level="ERROR">Error in file 'C:\development\robot-scripts\robotframework_course_test_automation\Tests\crm.robot' on line 5: Setting 'Test Setup' is not allowed in resource file.</msg>
<msg timestamp="20230201 21:16:01.992" level="ERROR">Error in file 'C:\development\robot-scripts\robotframework_course_test_automation\Tests\crm.robot' on line 6: Setting 'Task Teardown' is not allowed in resource file.</msg>
<msg timestamp="20230201 21:16:01.993" level="ERROR">Error in file 'C:\development\robot-scripts\robotframework_course_test_automation\Resources\Page Objects\AddNewCustomerPage.robot' on line 3: Error in file 'C:\development\robot-scripts\robotframework_course_test_automation\Tests\crm.robot' on line 15: Resource file with 'Test Cases' section is invalid.</msg>
</errors>
</robot>
