<?xml version="1.0" encoding="UTF-8"?>
<robot generator="Robot 6.0.2 (Python 3.9.13 on win32)" generated="20230203 22:16:46.389" rpa="false" schemaversion="3">
<suite id="s1" name="Crm" source="C:\development\robot-scripts\robotframework_course_test_automation\Tests\crm.robot">
<test id="s1-t1" name="User can sign in" line="23">
<kw name="Begin Web Test" library="common" type="SETUP">
<kw name="Set Selenium Speed" library="SeleniumLibrary">
<arg>.2s</arg>
<doc>Sets the delay that is waited after each Selenium command.</doc>
<status status="PASS" starttime="20230203 22:16:46.537" endtime="20230203 22:16:46.538"/>
</kw>
<kw name="Set Selenium Timeout" library="SeleniumLibrary">
<arg>5s</arg>
<doc>Sets the timeout that is used by various keywords.</doc>
<status status="PASS" starttime="20230203 22:16:46.538" endtime="20230203 22:16:46.538"/>
</kw>
<kw name="Log" library="BuiltIn">
<arg>Starting the test case!</arg>
<doc>Logs the given message with the given level.</doc>
<msg timestamp="20230203 22:16:46.538" level="INFO">Starting the test case!</msg>
<status status="PASS" starttime="20230203 22:16:46.538" endtime="20230203 22:16:46.538"/>
</kw>
<kw name="Open Browser" library="SeleniumLibrary">
<arg>about:blank</arg>
<arg>${BROWSER}</arg>
<doc>Opens a new browser instance to the optional ``url``.</doc>
<msg timestamp="20230203 22:16:46.538" level="INFO">Opening browser 'chrome' to base url 'about:blank'.</msg>
<status status="PASS" starttime="20230203 22:16:46.538" endtime="20230203 22:16:47.795"/>
</kw>
<status status="PASS" starttime="20230203 22:16:46.537" endtime="20230203 22:16:47.795"/>
</kw>
<kw name="Go To Landing Page" library="crmApp">
<kw name="Load" library="LandingPage">
<kw name="Go To" library="SeleniumLibrary">
<arg>${LANDING_PAGE_URL}</arg>
<doc>Navigates the current browser window to the provided ``url``.</doc>
<msg timestamp="20230203 22:16:47.799" level="INFO">Opening url 'https://automationplayground.com/crm/'</msg>
<status status="PASS" starttime="20230203 22:16:47.798" endtime="20230203 22:16:48.618"/>
</kw>
<status status="PASS" starttime="20230203 22:16:47.797" endtime="20230203 22:16:48.618"/>
</kw>
<kw name="Verify Landing Page Loaded" library="LandingPage">
<kw name="Wait Until Page Contains" library="SeleniumLibrary">
<arg>${LANDING_PAGE_LABEL}</arg>
<doc>Waits until ``text`` appears on the current page.</doc>
<status status="PASS" starttime="20230203 22:16:48.619" endtime="20230203 22:16:48.837"/>
</kw>
<status status="PASS" starttime="20230203 22:16:48.618" endtime="20230203 22:16:48.837"/>
</kw>
<status status="PASS" starttime="20230203 22:16:47.797" endtime="20230203 22:16:48.837"/>
</kw>
<kw name="Sign In" library="crmApp">
<arg>${LOGIN_EMAIL}</arg>
<arg>${LOGIN_PASSWORD}</arg>
<kw name="Click Sign In Link" library="TopNav">
<kw name="Click Link" library="SeleniumLibrary">
<arg>${sign_in_link}</arg>
<doc>Clicks a link identified by ``locator``.</doc>
<msg timestamp="20230203 22:16:48.839" level="INFO">Clicking link 'id=SignIn'.</msg>
<status status="PASS" starttime="20230203 22:16:48.838" endtime="20230203 22:16:49.659"/>
</kw>
<status status="PASS" starttime="20230203 22:16:48.838" endtime="20230203 22:16:49.659"/>
</kw>
<kw name="Verify Sign In Page Loaded" library="SignInPage">
<kw name="Wait Until Page Contains" library="SeleniumLibrary">
<arg>${LOGIN_PAGE_LABEL}</arg>
<doc>Waits until ``text`` appears on the current page.</doc>
<status status="PASS" starttime="20230203 22:16:49.660" endtime="20230203 22:16:49.878"/>
</kw>
<status status="PASS" starttime="20230203 22:16:49.660" endtime="20230203 22:16:49.878"/>
</kw>
<kw name="Sign In" library="SignInPage">
<arg>${LOGIN_EMAIL}</arg>
<arg>${LOGIN_PASSWORD}</arg>
<kw name="Fill &quot;Email&quot; Field" library="SignInPage">
<arg>${LOGIN_EMAIL}</arg>
<kw name="Input Text" library="SeleniumLibrary">
<arg>${login_email_field}</arg>
<arg>${LOGIN_EMAIL}</arg>
<doc>Types the given ``text`` into the text field identified by ``locator``.</doc>
<msg timestamp="20230203 22:16:49.880" level="INFO">Typing text 'vp.new_email@fakemail.com' into text field 'id=email-id'.</msg>
<status status="PASS" starttime="20230203 22:16:49.879" endtime="20230203 22:16:50.591"/>
</kw>
<status status="PASS" starttime="20230203 22:16:49.879" endtime="20230203 22:16:50.591"/>
</kw>
<kw name="Fill &quot;Password&quot; Field" library="SignInPage">
<arg>${LOGIN_PASSWORD}</arg>
<kw name="Input Text" library="SeleniumLibrary">
<arg>${login_password_field}</arg>
<arg>${LOGIN_PASSWORD}</arg>
<doc>Types the given ``text`` into the text field identified by ``locator``.</doc>
<msg timestamp="20230203 22:16:50.592" level="INFO">Typing text 'abc12331234435356457476aaaghh' into text field 'id=password'.</msg>
<status status="PASS" starttime="20230203 22:16:50.592" endtime="20230203 22:16:51.317"/>
</kw>
<status status="PASS" starttime="20230203 22:16:50.591" endtime="20230203 22:16:51.317"/>
</kw>
<kw name="Submit Sign In Form" library="SignInPage">
<kw name="Click Button" library="SeleniumLibrary">
<arg>${submit_button}</arg>
<doc>Clicks the button identified by ``locator``.</doc>
<msg timestamp="20230203 22:16:51.319" level="INFO">Clicking button 'Submit'.</msg>
<status status="PASS" starttime="20230203 22:16:51.317" endtime="20230203 22:16:52.623"/>
</kw>
<status status="PASS" starttime="20230203 22:16:51.317" endtime="20230203 22:16:52.623"/>
</kw>
<status status="PASS" starttime="20230203 22:16:49.878" endtime="20230203 22:16:52.623"/>
</kw>
<kw name="Verify Home Page Loaded" library="HomePage">
<kw name="Wait Until Page Contains" library="SeleniumLibrary">
<arg>${HOME_HEADER_LABEL}</arg>
<doc>Waits until ``text`` appears on the current page.</doc>
<status status="PASS" starttime="20230203 22:16:52.623" endtime="20230203 22:16:52.842"/>
</kw>
<status status="PASS" starttime="20230203 22:16:52.623" endtime="20230203 22:16:52.842"/>
</kw>
<status status="PASS" starttime="20230203 22:16:48.838" endtime="20230203 22:16:52.842"/>
</kw>
<kw name="End Web Test" library="common" type="TEARDOWN">
<kw name="Sleep" library="BuiltIn">
<arg>3s</arg>
<doc>Pauses the test executed for the given time.</doc>
<msg timestamp="20230203 22:16:55.854" level="INFO">Slept 3 seconds</msg>
<status status="PASS" starttime="20230203 22:16:52.844" endtime="20230203 22:16:55.854"/>
</kw>
<kw name="Close All Browsers" library="SeleniumLibrary">
<doc>Closes all open browsers and resets the browser cache.</doc>
<status status="PASS" starttime="20230203 22:16:55.854" endtime="20230203 22:16:58.134"/>
</kw>
<status status="PASS" starttime="20230203 22:16:52.843" endtime="20230203 22:16:58.135"/>
</kw>
<status status="PASS" starttime="20230203 22:16:46.537" endtime="20230203 22:16:58.135"/>
</test>
<test id="s1-t2" name="User can add new customer" line="27">
<kw name="Begin Web Test" library="common" type="SETUP">
<kw name="Set Selenium Speed" library="SeleniumLibrary">
<arg>.2s</arg>
<doc>Sets the delay that is waited after each Selenium command.</doc>
<status status="PASS" starttime="20230203 22:16:58.139" endtime="20230203 22:16:58.139"/>
</kw>
<kw name="Set Selenium Timeout" library="SeleniumLibrary">
<arg>5s</arg>
<doc>Sets the timeout that is used by various keywords.</doc>
<status status="PASS" starttime="20230203 22:16:58.139" endtime="20230203 22:16:58.140"/>
</kw>
<kw name="Log" library="BuiltIn">
<arg>Starting the test case!</arg>
<doc>Logs the given message with the given level.</doc>
<msg timestamp="20230203 22:16:58.140" level="INFO">Starting the test case!</msg>
<status status="PASS" starttime="20230203 22:16:58.140" endtime="20230203 22:16:58.140"/>
</kw>
<kw name="Open Browser" library="SeleniumLibrary">
<arg>about:blank</arg>
<arg>${BROWSER}</arg>
<doc>Opens a new browser instance to the optional ``url``.</doc>
<msg timestamp="20230203 22:16:58.140" level="INFO">Opening browser 'chrome' to base url 'about:blank'.</msg>
<status status="PASS" starttime="20230203 22:16:58.140" endtime="20230203 22:16:59.363"/>
</kw>
<status status="PASS" starttime="20230203 22:16:58.139" endtime="20230203 22:16:59.363"/>
</kw>
<kw name="Go To Landing Page" library="crmApp">
<kw name="Load" library="LandingPage">
<kw name="Go To" library="SeleniumLibrary">
<arg>${LANDING_PAGE_URL}</arg>
<doc>Navigates the current browser window to the provided ``url``.</doc>
<msg timestamp="20230203 22:16:59.369" level="INFO">Opening url 'https://automationplayground.com/crm/'</msg>
<status status="PASS" starttime="20230203 22:16:59.369" endtime="20230203 22:17:00.296"/>
</kw>
<status status="PASS" starttime="20230203 22:16:59.366" endtime="20230203 22:17:00.296"/>
</kw>
<kw name="Verify Landing Page Loaded" library="LandingPage">
<kw name="Wait Until Page Contains" library="SeleniumLibrary">
<arg>${LANDING_PAGE_LABEL}</arg>
<doc>Waits until ``text`` appears on the current page.</doc>
<status status="PASS" starttime="20230203 22:17:00.297" endtime="20230203 22:17:00.532"/>
</kw>
<status status="PASS" starttime="20230203 22:17:00.297" endtime="20230203 22:17:00.532"/>
</kw>
<status status="PASS" starttime="20230203 22:16:59.365" endtime="20230203 22:17:00.533"/>
</kw>
<kw name="Sign In" library="crmApp">
<arg>${LOGIN_EMAIL}</arg>
<arg>${LOGIN_PASSWORD}</arg>
<kw name="Click Sign In Link" library="TopNav">
<kw name="Click Link" library="SeleniumLibrary">
<arg>${sign_in_link}</arg>
<doc>Clicks a link identified by ``locator``.</doc>
<msg timestamp="20230203 22:17:00.539" level="INFO">Clicking link 'id=SignIn'.</msg>
<status status="PASS" starttime="20230203 22:17:00.538" endtime="20230203 22:17:01.357"/>
</kw>
<status status="PASS" starttime="20230203 22:17:00.537" endtime="20230203 22:17:01.357"/>
</kw>
<kw name="Verify Sign In Page Loaded" library="SignInPage">
<kw name="Wait Until Page Contains" library="SeleniumLibrary">
<arg>${LOGIN_PAGE_LABEL}</arg>
<doc>Waits until ``text`` appears on the current page.</doc>
<status status="PASS" starttime="20230203 22:17:01.358" endtime="20230203 22:17:01.576"/>
</kw>
<status status="PASS" starttime="20230203 22:17:01.358" endtime="20230203 22:17:01.576"/>
</kw>
<kw name="Sign In" library="SignInPage">
<arg>${LOGIN_EMAIL}</arg>
<arg>${LOGIN_PASSWORD}</arg>
<kw name="Fill &quot;Email&quot; Field" library="SignInPage">
<arg>${LOGIN_EMAIL}</arg>
<kw name="Input Text" library="SeleniumLibrary">
<arg>${login_email_field}</arg>
<arg>${LOGIN_EMAIL}</arg>
<doc>Types the given ``text`` into the text field identified by ``locator``.</doc>
<msg timestamp="20230203 22:17:01.578" level="INFO">Typing text 'vp.new_email@fakemail.com' into text field 'id=email-id'.</msg>
<status status="PASS" starttime="20230203 22:17:01.577" endtime="20230203 22:17:02.276"/>
</kw>
<status status="PASS" starttime="20230203 22:17:01.577" endtime="20230203 22:17:02.276"/>
</kw>
<kw name="Fill &quot;Password&quot; Field" library="SignInPage">
<arg>${LOGIN_PASSWORD}</arg>
<kw name="Input Text" library="SeleniumLibrary">
<arg>${login_password_field}</arg>
<arg>${LOGIN_PASSWORD}</arg>
<doc>Types the given ``text`` into the text field identified by ``locator``.</doc>
<msg timestamp="20230203 22:17:02.277" level="INFO">Typing text 'abc12331234435356457476aaaghh' into text field 'id=password'.</msg>
<status status="PASS" starttime="20230203 22:17:02.276" endtime="20230203 22:17:02.971"/>
</kw>
<status status="PASS" starttime="20230203 22:17:02.276" endtime="20230203 22:17:02.971"/>
</kw>
<kw name="Submit Sign In Form" library="SignInPage">
<kw name="Click Button" library="SeleniumLibrary">
<arg>${submit_button}</arg>
<doc>Clicks the button identified by ``locator``.</doc>
<msg timestamp="20230203 22:17:02.972" level="INFO">Clicking button 'Submit'.</msg>
<status status="PASS" starttime="20230203 22:17:02.972" endtime="20230203 22:17:04.126"/>
</kw>
<status status="PASS" starttime="20230203 22:17:02.971" endtime="20230203 22:17:04.126"/>
</kw>
<status status="PASS" starttime="20230203 22:17:01.576" endtime="20230203 22:17:04.126"/>
</kw>
<kw name="Verify Home Page Loaded" library="HomePage">
<kw name="Wait Until Page Contains" library="SeleniumLibrary">
<arg>${HOME_HEADER_LABEL}</arg>
<doc>Waits until ``text`` appears on the current page.</doc>
<status status="PASS" starttime="20230203 22:17:04.126" endtime="20230203 22:17:04.345"/>
</kw>
<status status="PASS" starttime="20230203 22:17:04.126" endtime="20230203 22:17:04.345"/>
</kw>
<status status="PASS" starttime="20230203 22:17:00.536" endtime="20230203 22:17:04.345"/>
</kw>
<kw name="Add New Customer" library="crmApp">
<arg>${new_user_email}</arg>
<arg>${first_name}</arg>
<arg>${last_name}</arg>
<arg>${city}</arg>
<arg>${state_or_region}</arg>
<arg>${gender}</arg>
<kw name="Click New Customer Button" library="HomePage">
<kw name="Click Link" library="SeleniumLibrary">
<arg>${NEW_CUSTOMER_BUTTON}</arg>
<doc>Clicks a link identified by ``locator``.</doc>
<msg timestamp="20230203 22:17:04.347" level="INFO">Clicking link 'id=new-customer'.</msg>
<status status="PASS" starttime="20230203 22:17:04.347" endtime="20230203 22:17:05.267"/>
</kw>
<status status="PASS" starttime="20230203 22:17:04.347" endtime="20230203 22:17:05.268"/>
</kw>
<kw name="Verify Add New Customer Page Loaded" library="AddNewCustomerPage">
<kw name="Wait Until Page Contains" library="SeleniumLibrary">
<arg>Add Customer</arg>
<doc>Waits until ``text`` appears on the current page.</doc>
<status status="PASS" starttime="20230203 22:17:05.269" endtime="20230203 22:17:05.484"/>
</kw>
<status status="PASS" starttime="20230203 22:17:05.269" endtime="20230203 22:17:05.484"/>
</kw>
<kw name="Add New Customer" library="AddNewCustomerPage">
<arg>${new_user_email}</arg>
<arg>${first_name}</arg>
<arg>${last_name}</arg>
<arg>${city}</arg>
<arg>${state_or_region}</arg>
<arg>${gender}</arg>
<kw name="Fill &quot;Email&quot; Field" library="AddNewCustomerPage">
<arg>${new_user_email}</arg>
<kw name="Input Text" library="SeleniumLibrary">
<arg>${email_field}</arg>
<arg>${new_user_email}</arg>
<doc>Types the given ``text`` into the text field identified by ``locator``.</doc>
<msg timestamp="20230203 22:17:05.485" level="INFO">Typing text 'vp@mail.com' into text field 'id=EmailAddress'.</msg>
<status status="PASS" starttime="20230203 22:17:05.485" endtime="20230203 22:17:06.184"/>
</kw>
<status status="PASS" starttime="20230203 22:17:05.485" endtime="20230203 22:17:06.184"/>
</kw>
<kw name="Fill &quot;Firstname&quot; Field" library="AddNewCustomerPage">
<arg>${first_name}</arg>
<kw name="Input Text" library="SeleniumLibrary">
<arg>${first_name_field}</arg>
<arg>${first_name}</arg>
<doc>Types the given ``text`` into the text field identified by ``locator``.</doc>
<msg timestamp="20230203 22:17:06.185" level="INFO">Typing text 'Vladimir' into text field 'id=FirstName'.</msg>
<status status="PASS" starttime="20230203 22:17:06.185" endtime="20230203 22:17:06.887"/>
</kw>
<status status="PASS" starttime="20230203 22:17:06.184" endtime="20230203 22:17:06.887"/>
</kw>
<kw name="Fill &quot;Lastname&quot; Field" library="AddNewCustomerPage">
<arg>${last_name}</arg>
<kw name="Input Text" library="SeleniumLibrary">
<arg>${last_name_field}</arg>
<arg>${last_name}</arg>
<doc>Types the given ``text`` into the text field identified by ``locator``.</doc>
<msg timestamp="20230203 22:17:06.888" level="INFO">Typing text 'Popov' into text field 'id=LastName'.</msg>
<status status="PASS" starttime="20230203 22:17:06.888" endtime="20230203 22:17:07.601"/>
</kw>
<status status="PASS" starttime="20230203 22:17:06.887" endtime="20230203 22:17:07.601"/>
</kw>
<kw name="Fill &quot;City&quot; Field" library="AddNewCustomerPage">
<arg>${city}</arg>
<kw name="Input Text" library="SeleniumLibrary">
<arg>${city_field}</arg>
<arg>${city}</arg>
<doc>Types the given ``text`` into the text field identified by ``locator``.</doc>
<msg timestamp="20230203 22:17:07.603" level="INFO">Typing text 'Dallas' into text field 'id=City'.</msg>
<status status="PASS" starttime="20230203 22:17:07.603" endtime="20230203 22:17:08.305"/>
</kw>
<status status="PASS" starttime="20230203 22:17:07.601" endtime="20230203 22:17:08.305"/>
</kw>
<kw name="Select State Or Region" library="AddNewCustomerPage">
<arg>${state_or_region}</arg>
<kw name="Select From List By Value" library="SeleniumLibrary">
<arg>${state_or_region_field}</arg>
<arg>${state_or_region}</arg>
<doc>Selects options from selection list ``locator`` by ``values``.</doc>
<msg timestamp="20230203 22:17:08.306" level="INFO">Selecting options from selection list 'StateOrRegion' by value CA.</msg>
<status status="PASS" starttime="20230203 22:17:08.306" endtime="20230203 22:17:09.839"/>
</kw>
<status status="PASS" starttime="20230203 22:17:08.305" endtime="20230203 22:17:09.839"/>
</kw>
<kw name="Select Gender" library="AddNewCustomerPage">
<arg>${gender}</arg>
<kw name="Select Radio Button" library="SeleniumLibrary">
<arg>${gender_field}</arg>
<arg>${gender}</arg>
<doc>Sets the radio button group ``group_name`` to ``value``.</doc>
<msg timestamp="20230203 22:17:09.840" level="INFO">Selecting 'male' from radio button 'gender'.</msg>
<status status="PASS" starttime="20230203 22:17:09.840" endtime="20230203 22:17:10.511"/>
</kw>
<status status="PASS" starttime="20230203 22:17:09.840" endtime="20230203 22:17:10.511"/>
</kw>
<kw name="Add Customer To Promotional List" library="AddNewCustomerPage">
<kw name="Select Checkbox" library="SeleniumLibrary">
<arg>${add_customer_to_promotional_check_box}</arg>
<doc>Selects the checkbox identified by ``locator``.</doc>
<msg timestamp="20230203 22:17:10.512" level="INFO">Selecting checkbox 'promos-name'.</msg>
<status status="PASS" starttime="20230203 22:17:10.511" endtime="20230203 22:17:11.417"/>
</kw>
<status status="PASS" starttime="20230203 22:17:10.511" endtime="20230203 22:17:11.417"/>
</kw>
<kw name="Click &quot;Submit&quot; Button" library="AddNewCustomerPage">
<kw name="Click Button" library="SeleniumLibrary">
<arg>${add_new_user_submit_button}</arg>
<doc>Clicks the button identified by ``locator``.</doc>
<msg timestamp="20230203 22:17:11.419" level="INFO">Clicking button 'Submit'.</msg>
<status status="PASS" starttime="20230203 22:17:11.418" endtime="20230203 22:17:12.475"/>
</kw>
<status status="PASS" starttime="20230203 22:17:11.417" endtime="20230203 22:17:12.475"/>
</kw>
<status status="PASS" starttime="20230203 22:17:05.484" endtime="20230203 22:17:12.475"/>
</kw>
<kw name="Verify New Customer Added" library="HomePage">
<kw name="Wait Until Page Contains" library="SeleniumLibrary">
<arg>${NEW_CUSTOMER_ADDED_MESSAGE}</arg>
<doc>Waits until ``text`` appears on the current page.</doc>
<status status="PASS" starttime="20230203 22:17:12.475" endtime="20230203 22:17:12.690"/>
</kw>
<status status="PASS" starttime="20230203 22:17:12.475" endtime="20230203 22:17:12.690"/>
</kw>
<status status="PASS" starttime="20230203 22:17:04.346" endtime="20230203 22:17:12.690"/>
</kw>
<kw name="Sign Out" library="crmApp">
<kw name="Click Sign Out Link" library="TopNav">
<kw name="Click Link" library="SeleniumLibrary">
<arg>${sign_out_link}</arg>
<doc>Clicks a link identified by ``locator``.</doc>
<msg timestamp="20230203 22:17:12.693" level="INFO">Clicking link 'Sign Out'.</msg>
<status status="PASS" starttime="20230203 22:17:12.692" endtime="20230203 22:17:13.499"/>
</kw>
<status status="PASS" starttime="20230203 22:17:12.692" endtime="20230203 22:17:13.500"/>
</kw>
<kw name="Verify Sign Out Page Loaded" library="SignOutPage">
<kw name="Wait Until Page Contains" library="SeleniumLibrary">
<arg>${SIGN_OUT_MESSAGE}</arg>
<doc>Waits until ``text`` appears on the current page.</doc>
<status status="PASS" starttime="20230203 22:17:13.501" endtime="20230203 22:17:13.718"/>
</kw>
<status status="PASS" starttime="20230203 22:17:13.500" endtime="20230203 22:17:13.718"/>
</kw>
<status status="PASS" starttime="20230203 22:17:12.692" endtime="20230203 22:17:13.718"/>
</kw>
<kw name="End Web Test" library="common" type="TEARDOWN">
<kw name="Sleep" library="BuiltIn">
<arg>3s</arg>
<doc>Pauses the test executed for the given time.</doc>
<msg timestamp="20230203 22:17:16.733" level="INFO">Slept 3 seconds</msg>
<status status="PASS" starttime="20230203 22:17:13.719" endtime="20230203 22:17:16.734"/>
</kw>
<kw name="Close All Browsers" library="SeleniumLibrary">
<doc>Closes all open browsers and resets the browser cache.</doc>
<status status="PASS" starttime="20230203 22:17:16.734" endtime="20230203 22:17:19.012"/>
</kw>
<status status="PASS" starttime="20230203 22:17:13.718" endtime="20230203 22:17:19.012"/>
</kw>
<status status="PASS" starttime="20230203 22:16:58.138" endtime="20230203 22:17:19.013"/>
</test>
<test id="s1-t3" name="User can sign Outs" line="33">
<kw name="Begin Web Test" library="common" type="SETUP">
<kw name="Set Selenium Speed" library="SeleniumLibrary">
<arg>.2s</arg>
<doc>Sets the delay that is waited after each Selenium command.</doc>
<status status="PASS" starttime="20230203 22:17:19.015" endtime="20230203 22:17:19.015"/>
</kw>
<kw name="Set Selenium Timeout" library="SeleniumLibrary">
<arg>5s</arg>
<doc>Sets the timeout that is used by various keywords.</doc>
<status status="PASS" starttime="20230203 22:17:19.015" endtime="20230203 22:17:19.015"/>
</kw>
<kw name="Log" library="BuiltIn">
<arg>Starting the test case!</arg>
<doc>Logs the given message with the given level.</doc>
<msg timestamp="20230203 22:17:19.016" level="INFO">Starting the test case!</msg>
<status status="PASS" starttime="20230203 22:17:19.015" endtime="20230203 22:17:19.016"/>
</kw>
<kw name="Open Browser" library="SeleniumLibrary">
<arg>about:blank</arg>
<arg>${BROWSER}</arg>
<doc>Opens a new browser instance to the optional ``url``.</doc>
<msg timestamp="20230203 22:17:19.016" level="INFO">Opening browser 'chrome' to base url 'about:blank'.</msg>
<status status="PASS" starttime="20230203 22:17:19.016" endtime="20230203 22:17:20.253"/>
</kw>
<status status="PASS" starttime="20230203 22:17:19.015" endtime="20230203 22:17:20.253"/>
</kw>
<kw name="Go To Landing Page" library="crmApp">
<kw name="Load" library="LandingPage">
<kw name="Go To" library="SeleniumLibrary">
<arg>${LANDING_PAGE_URL}</arg>
<doc>Navigates the current browser window to the provided ``url``.</doc>
<msg timestamp="20230203 22:17:20.255" level="INFO">Opening url 'https://automationplayground.com/crm/'</msg>
<status status="PASS" starttime="20230203 22:17:20.254" endtime="20230203 22:17:20.935"/>
</kw>
<status status="PASS" starttime="20230203 22:17:20.254" endtime="20230203 22:17:20.936"/>
</kw>
<kw name="Verify Landing Page Loaded" library="LandingPage">
<kw name="Wait Until Page Contains" library="SeleniumLibrary">
<arg>${LANDING_PAGE_LABEL}</arg>
<doc>Waits until ``text`` appears on the current page.</doc>
<status status="PASS" starttime="20230203 22:17:20.936" endtime="20230203 22:17:21.152"/>
</kw>
<status status="PASS" starttime="20230203 22:17:20.936" endtime="20230203 22:17:21.152"/>
</kw>
<status status="PASS" starttime="20230203 22:17:20.254" endtime="20230203 22:17:21.152"/>
</kw>
<kw name="Sign In" library="crmApp">
<arg>${LOGIN_EMAIL}</arg>
<arg>${LOGIN_PASSWORD}</arg>
<kw name="Click Sign In Link" library="TopNav">
<kw name="Click Link" library="SeleniumLibrary">
<arg>${sign_in_link}</arg>
<doc>Clicks a link identified by ``locator``.</doc>
<msg timestamp="20230203 22:17:21.155" level="INFO">Clicking link 'id=SignIn'.</msg>
<status status="PASS" starttime="20230203 22:17:21.154" endtime="20230203 22:17:21.976"/>
</kw>
<status status="PASS" starttime="20230203 22:17:21.154" endtime="20230203 22:17:21.976"/>
</kw>
<kw name="Verify Sign In Page Loaded" library="SignInPage">
<kw name="Wait Until Page Contains" library="SeleniumLibrary">
<arg>${LOGIN_PAGE_LABEL}</arg>
<doc>Waits until ``text`` appears on the current page.</doc>
<status status="PASS" starttime="20230203 22:17:21.976" endtime="20230203 22:17:22.195"/>
</kw>
<status status="PASS" starttime="20230203 22:17:21.976" endtime="20230203 22:17:22.195"/>
</kw>
<kw name="Sign In" library="SignInPage">
<arg>${LOGIN_EMAIL}</arg>
<arg>${LOGIN_PASSWORD}</arg>
<kw name="Fill &quot;Email&quot; Field" library="SignInPage">
<arg>${LOGIN_EMAIL}</arg>
<kw name="Input Text" library="SeleniumLibrary">
<arg>${login_email_field}</arg>
<arg>${LOGIN_EMAIL}</arg>
<doc>Types the given ``text`` into the text field identified by ``locator``.</doc>
<msg timestamp="20230203 22:17:22.198" level="INFO">Typing text 'vp.new_email@fakemail.com' into text field 'id=email-id'.</msg>
<status status="PASS" starttime="20230203 22:17:22.197" endtime="20230203 22:17:22.898"/>
</kw>
<status status="PASS" starttime="20230203 22:17:22.197" endtime="20230203 22:17:22.898"/>
</kw>
<kw name="Fill &quot;Password&quot; Field" library="SignInPage">
<arg>${LOGIN_PASSWORD}</arg>
<kw name="Input Text" library="SeleniumLibrary">
<arg>${login_password_field}</arg>
<arg>${LOGIN_PASSWORD}</arg>
<doc>Types the given ``text`` into the text field identified by ``locator``.</doc>
<msg timestamp="20230203 22:17:22.900" level="INFO">Typing text 'abc12331234435356457476aaaghh' into text field 'id=password'.</msg>
<status status="PASS" starttime="20230203 22:17:22.899" endtime="20230203 22:17:23.600"/>
</kw>
<status status="PASS" starttime="20230203 22:17:22.898" endtime="20230203 22:17:23.600"/>
</kw>
<kw name="Submit Sign In Form" library="SignInPage">
<kw name="Click Button" library="SeleniumLibrary">
<arg>${submit_button}</arg>
<doc>Clicks the button identified by ``locator``.</doc>
<msg timestamp="20230203 22:17:23.603" level="INFO">Clicking button 'Submit'.</msg>
<status status="PASS" starttime="20230203 22:17:23.602" endtime="20230203 22:17:24.815"/>
</kw>
<status status="PASS" starttime="20230203 22:17:23.601" endtime="20230203 22:17:24.816"/>
</kw>
<status status="PASS" starttime="20230203 22:17:22.195" endtime="20230203 22:17:24.816"/>
</kw>
<kw name="Verify Home Page Loaded" library="HomePage">
<kw name="Wait Until Page Contains" library="SeleniumLibrary">
<arg>${HOME_HEADER_LABEL}</arg>
<doc>Waits until ``text`` appears on the current page.</doc>
<status status="PASS" starttime="20230203 22:17:24.816" endtime="20230203 22:17:25.034"/>
</kw>
<status status="PASS" starttime="20230203 22:17:24.816" endtime="20230203 22:17:25.034"/>
</kw>
<status status="PASS" starttime="20230203 22:17:21.153" endtime="20230203 22:17:25.034"/>
</kw>
<kw name="Sign Out" library="crmApp">
<kw name="Click Sign Out Link" library="TopNav">
<kw name="Click Link" library="SeleniumLibrary">
<arg>${sign_out_link}</arg>
<doc>Clicks a link identified by ``locator``.</doc>
<msg timestamp="20230203 22:17:25.035" level="INFO">Clicking link 'Sign Out'.</msg>
<status status="PASS" starttime="20230203 22:17:25.035" endtime="20230203 22:17:25.840"/>
</kw>
<status status="PASS" starttime="20230203 22:17:25.035" endtime="20230203 22:17:25.840"/>
</kw>
<kw name="Verify Sign Out Page Loaded" library="SignOutPage">
<kw name="Wait Until Page Contains" library="SeleniumLibrary">
<arg>${SIGN_OUT_MESSAGE}</arg>
<doc>Waits until ``text`` appears on the current page.</doc>
<status status="PASS" starttime="20230203 22:17:25.841" endtime="20230203 22:17:26.057"/>
</kw>
<status status="PASS" starttime="20230203 22:17:25.841" endtime="20230203 22:17:26.057"/>
</kw>
<status status="PASS" starttime="20230203 22:17:25.035" endtime="20230203 22:17:26.057"/>
</kw>
<kw name="End Web Test" library="common" type="TEARDOWN">
<kw name="Sleep" library="BuiltIn">
<arg>3s</arg>
<doc>Pauses the test executed for the given time.</doc>
<msg timestamp="20230203 22:17:29.071" level="INFO">Slept 3 seconds</msg>
<status status="PASS" starttime="20230203 22:17:26.059" endtime="20230203 22:17:29.071"/>
</kw>
<kw name="Close All Browsers" library="SeleniumLibrary">
<doc>Closes all open browsers and resets the browser cache.</doc>
<status status="PASS" starttime="20230203 22:17:29.071" endtime="20230203 22:17:31.357"/>
</kw>
<status status="PASS" starttime="20230203 22:17:26.058" endtime="20230203 22:17:31.357"/>
</kw>
<status status="PASS" starttime="20230203 22:17:19.015" endtime="20230203 22:17:31.358"/>
</test>
<doc>This is some basic info about the whole suite</doc>
<status status="PASS" starttime="20230203 22:16:46.390" endtime="20230203 22:17:31.361"/>
</suite>
<statistics>
<total>
<stat pass="3" fail="0" skip="0">All Tests</stat>
</total>
<tag>
</tag>
<suite>
<stat pass="3" fail="0" skip="0" id="s1" name="Crm">Crm</stat>
</suite>
</statistics>
<errors>
<msg timestamp="20230203 22:16:46.509" level="ERROR">Error in file 'C:\development\robot-scripts\robotframework_course_test_automation\Tests\crm.robot' on line 5: Setting 'Test Setup' is not allowed in resource file.</msg>
<msg timestamp="20230203 22:16:46.510" level="ERROR">Error in file 'C:\development\robot-scripts\robotframework_course_test_automation\Tests\crm.robot' on line 6: Setting 'Task Teardown' is not allowed in resource file.</msg>
<msg timestamp="20230203 22:16:46.511" level="ERROR">Error in file 'C:\development\robot-scripts\robotframework_course_test_automation\Resources\common.robot' on line 3: Error in file 'C:\development\robot-scripts\robotframework_course_test_automation\Tests\crm.robot' on line 22: Resource file with 'Test Cases' section is invalid.</msg>
<msg timestamp="20230203 22:16:46.514" level="ERROR">Error in file 'C:\development\robot-scripts\robotframework_course_test_automation\Tests\crm.robot' on line 5: Setting 'Test Setup' is not allowed in resource file.</msg>
<msg timestamp="20230203 22:16:46.515" level="ERROR">Error in file 'C:\development\robot-scripts\robotframework_course_test_automation\Tests\crm.robot' on line 6: Setting 'Task Teardown' is not allowed in resource file.</msg>
<msg timestamp="20230203 22:16:46.515" level="ERROR">Error in file 'C:\development\robot-scripts\robotframework_course_test_automation\Resources\Page Objects\LandingPage.robot' on line 3: Error in file 'C:\development\robot-scripts\robotframework_course_test_automation\Tests\crm.robot' on line 22: Resource file with 'Test Cases' section is invalid.</msg>
<msg timestamp="20230203 22:16:46.522" level="ERROR">Error in file 'C:\development\robot-scripts\robotframework_course_test_automation\Tests\crm.robot' on line 5: Setting 'Test Setup' is not allowed in resource file.</msg>
<msg timestamp="20230203 22:16:46.524" level="ERROR">Error in file 'C:\development\robot-scripts\robotframework_course_test_automation\Tests\crm.robot' on line 6: Setting 'Task Teardown' is not allowed in resource file.</msg>
<msg timestamp="20230203 22:16:46.524" level="ERROR">Error in file 'C:\development\robot-scripts\robotframework_course_test_automation\Resources\Page Objects\SignInPage.robot' on line 3: Error in file 'C:\development\robot-scripts\robotframework_course_test_automation\Tests\crm.robot' on line 22: Resource file with 'Test Cases' section is invalid.</msg>
<msg timestamp="20230203 22:16:46.529" level="ERROR">Error in file 'C:\development\robot-scripts\robotframework_course_test_automation\Tests\crm.robot' on line 5: Setting 'Test Setup' is not allowed in resource file.</msg>
<msg timestamp="20230203 22:16:46.530" level="ERROR">Error in file 'C:\development\robot-scripts\robotframework_course_test_automation\Tests\crm.robot' on line 6: Setting 'Task Teardown' is not allowed in resource file.</msg>
<msg timestamp="20230203 22:16:46.530" level="ERROR">Error in file 'C:\development\robot-scripts\robotframework_course_test_automation\Resources\Page Objects\AddNewCustomerPage.robot' on line 3: Error in file 'C:\development\robot-scripts\robotframework_course_test_automation\Tests\crm.robot' on line 22: Resource file with 'Test Cases' section is invalid.</msg>
</errors>
</robot>
