<?xml version="1.0" encoding="UTF-8"?>
<robot generator="Robot 6.0.2 (Python 3.9.13 on win32)" generated="20230130 21:19:23.569" rpa="false" schemaversion="3">
<suite id="s1" name="Crm" source="C:\development\robot-scripts\robotframework_course_test_automation\Tests\crm.robot">
<test id="s1-t1" name="User should see a main page" line="17">
<kw name="Begin Web Test" library="common" type="SETUP">
<kw name="Set Selenium Speed" library="SeleniumLibrary">
<arg>.2s</arg>
<doc>Sets the delay that is waited after each Selenium command.</doc>
<status status="PASS" starttime="20230130 21:19:23.679" endtime="20230130 21:19:23.679"/>
</kw>
<kw name="Set Selenium Timeout" library="SeleniumLibrary">
<arg>5s</arg>
<doc>Sets the timeout that is used by various keywords.</doc>
<status status="PASS" starttime="20230130 21:19:23.679" endtime="20230130 21:19:23.680"/>
</kw>
<kw name="Log" library="BuiltIn">
<arg>Starting the test case!</arg>
<doc>Logs the given message with the given level.</doc>
<msg timestamp="20230130 21:19:23.680" level="INFO">Starting the test case!</msg>
<status status="PASS" starttime="20230130 21:19:23.680" endtime="20230130 21:19:23.680"/>
</kw>
<kw name="Open Browser" library="SeleniumLibrary">
<arg>https://automationplayground.com/crm/</arg>
<arg>chrome</arg>
<doc>Opens a new browser instance to the optional ``url``.</doc>
<msg timestamp="20230130 21:19:23.680" level="INFO">Opening browser 'chrome' to base url 'https://automationplayground.com/crm/'.</msg>
<status status="PASS" starttime="20230130 21:19:23.680" endtime="20230130 21:19:25.861"/>
</kw>
<kw name="Page Should Contain" library="SeleniumLibrary">
<arg>Customers Are Priority One!</arg>
<doc>Verifies that current page contains ``text``.</doc>
<msg timestamp="20230130 21:19:26.299" level="INFO">Current page contains text 'Customers Are Priority One!'.</msg>
<status status="PASS" starttime="20230130 21:19:25.861" endtime="20230130 21:19:26.299"/>
</kw>
<status status="PASS" starttime="20230130 21:19:23.679" endtime="20230130 21:19:26.300"/>
</kw>
<kw name="Open Log In Page" library="MainPage">
<kw name="Click Link" library="SeleniumLibrary">
<arg>id=SignIn</arg>
<doc>Clicks a link identified by ``locator``.</doc>
<msg timestamp="20230130 21:19:26.303" level="INFO">Clicking link 'id=SignIn'.</msg>
<status status="PASS" starttime="20230130 21:19:26.302" endtime="20230130 21:19:27.140"/>
</kw>
<kw name="Page Should Contain" library="SeleniumLibrary">
<arg>Login</arg>
<doc>Verifies that current page contains ``text``.</doc>
<msg timestamp="20230130 21:19:27.578" level="INFO">Current page contains text 'Login'.</msg>
<status status="PASS" starttime="20230130 21:19:27.140" endtime="20230130 21:19:27.578"/>
</kw>
<status status="PASS" starttime="20230130 21:19:26.301" endtime="20230130 21:19:27.578"/>
</kw>
<kw name="End Web Test" library="common" type="TEARDOWN">
<kw name="Sleep" library="BuiltIn">
<arg>3s</arg>
<doc>Pauses the test executed for the given time.</doc>
<msg timestamp="20230130 21:19:30.587" level="INFO">Slept 3 seconds</msg>
<status status="PASS" starttime="20230130 21:19:27.580" endtime="20230130 21:19:30.587"/>
</kw>
<kw name="Close Browser" library="SeleniumLibrary">
<doc>Closes the current browser.</doc>
<status status="PASS" starttime="20230130 21:19:30.587" endtime="20230130 21:19:32.855"/>
</kw>
<status status="PASS" starttime="20230130 21:19:27.579" endtime="20230130 21:19:32.855"/>
</kw>
<doc>This is some basic info about the test 1</doc>
<tag>1006</tag>
<tag>Contacts</tag>
<tag>Smoke</tag>
<status status="PASS" starttime="20230130 21:19:23.679" endtime="20230130 21:19:32.857"/>
</test>
<test id="s1-t2" name="User can log in" line="22">
<kw name="Begin Web Test" library="common" type="SETUP">
<kw name="Set Selenium Speed" library="SeleniumLibrary">
<arg>.2s</arg>
<doc>Sets the delay that is waited after each Selenium command.</doc>
<status status="PASS" starttime="20230130 21:19:32.862" endtime="20230130 21:19:32.862"/>
</kw>
<kw name="Set Selenium Timeout" library="SeleniumLibrary">
<arg>5s</arg>
<doc>Sets the timeout that is used by various keywords.</doc>
<status status="PASS" starttime="20230130 21:19:32.862" endtime="20230130 21:19:32.863"/>
</kw>
<kw name="Log" library="BuiltIn">
<arg>Starting the test case!</arg>
<doc>Logs the given message with the given level.</doc>
<msg timestamp="20230130 21:19:32.863" level="INFO">Starting the test case!</msg>
<status status="PASS" starttime="20230130 21:19:32.863" endtime="20230130 21:19:32.863"/>
</kw>
<kw name="Open Browser" library="SeleniumLibrary">
<arg>https://automationplayground.com/crm/</arg>
<arg>chrome</arg>
<doc>Opens a new browser instance to the optional ``url``.</doc>
<msg timestamp="20230130 21:19:32.864" level="INFO">Opening browser 'chrome' to base url 'https://automationplayground.com/crm/'.</msg>
<status status="PASS" starttime="20230130 21:19:32.863" endtime="20230130 21:19:34.546"/>
</kw>
<kw name="Page Should Contain" library="SeleniumLibrary">
<arg>Customers Are Priority One!</arg>
<doc>Verifies that current page contains ``text``.</doc>
<msg timestamp="20230130 21:19:34.986" level="INFO">Current page contains text 'Customers Are Priority One!'.</msg>
<status status="PASS" starttime="20230130 21:19:34.546" endtime="20230130 21:19:34.986"/>
</kw>
<status status="PASS" starttime="20230130 21:19:32.861" endtime="20230130 21:19:34.986"/>
</kw>
<kw name="Open Log In Page" library="MainPage">
<kw name="Click Link" library="SeleniumLibrary">
<arg>id=SignIn</arg>
<doc>Clicks a link identified by ``locator``.</doc>
<msg timestamp="20230130 21:19:34.989" level="INFO">Clicking link 'id=SignIn'.</msg>
<status status="PASS" starttime="20230130 21:19:34.988" endtime="20230130 21:19:35.812"/>
</kw>
<kw name="Page Should Contain" library="SeleniumLibrary">
<arg>Login</arg>
<doc>Verifies that current page contains ``text``.</doc>
<msg timestamp="20230130 21:19:36.252" level="INFO">Current page contains text 'Login'.</msg>
<status status="PASS" starttime="20230130 21:19:35.812" endtime="20230130 21:19:36.252"/>
</kw>
<status status="PASS" starttime="20230130 21:19:34.988" endtime="20230130 21:19:36.252"/>
</kw>
<kw name="Log In" library="LoginPage">
<kw name="Input Email" library="LoginPage">
<kw name="Input Text" library="SeleniumLibrary">
<arg>id=email-id</arg>
<arg>admin@fakeemail.com</arg>
<doc>Types the given ``text`` into the text field identified by ``locator``.</doc>
<msg timestamp="20230130 21:19:36.255" level="INFO">Typing text 'admin@fakeemail.com' into text field 'id=email-id'.</msg>
<status status="PASS" starttime="20230130 21:19:36.255" endtime="20230130 21:19:36.958"/>
</kw>
<status status="PASS" starttime="20230130 21:19:36.254" endtime="20230130 21:19:36.958"/>
</kw>
<kw name="Input Password" library="LoginPage">
<kw name="Input Text" library="SeleniumLibrary">
<arg>id=password</arg>
<arg>qwerty123</arg>
<doc>Types the given ``text`` into the text field identified by ``locator``.</doc>
<msg timestamp="20230130 21:19:36.960" level="INFO">Typing text 'qwerty123' into text field 'id=password'.</msg>
<status status="PASS" starttime="20230130 21:19:36.959" endtime="20230130 21:19:37.653"/>
</kw>
<status status="PASS" starttime="20230130 21:19:36.958" endtime="20230130 21:19:37.653"/>
</kw>
<kw name="Submit Login" library="LoginPage">
<kw name="Click Button" library="SeleniumLibrary">
<arg>Submit</arg>
<doc>Clicks the button identified by ``locator``.</doc>
<msg timestamp="20230130 21:19:37.654" level="INFO">Clicking button 'Submit'.</msg>
<status status="PASS" starttime="20230130 21:19:37.653" endtime="20230130 21:19:38.837"/>
</kw>
<status status="PASS" starttime="20230130 21:19:37.653" endtime="20230130 21:19:38.837"/>
</kw>
<status status="PASS" starttime="20230130 21:19:36.254" endtime="20230130 21:19:38.837"/>
</kw>
<kw name="End Web Test" library="common" type="TEARDOWN">
<kw name="Sleep" library="BuiltIn">
<arg>3s</arg>
<doc>Pauses the test executed for the given time.</doc>
<msg timestamp="20230130 21:19:41.854" level="INFO">Slept 3 seconds</msg>
<status status="PASS" starttime="20230130 21:19:38.838" endtime="20230130 21:19:41.854"/>
</kw>
<kw name="Close Browser" library="SeleniumLibrary">
<doc>Closes the current browser.</doc>
<status status="PASS" starttime="20230130 21:19:41.854" endtime="20230130 21:19:44.125"/>
</kw>
<status status="PASS" starttime="20230130 21:19:38.838" endtime="20230130 21:19:44.125"/>
</kw>
<doc>This is some basic info about the test 2</doc>
<tag>1007</tag>
<tag>Contacts</tag>
<tag>Smoke</tag>
<status status="PASS" starttime="20230130 21:19:32.860" endtime="20230130 21:19:44.126"/>
</test>
<test id="s1-t3" name="User can add a new User" line="28">
<kw name="Begin Web Test" library="common" type="SETUP">
<kw name="Set Selenium Speed" library="SeleniumLibrary">
<arg>.2s</arg>
<doc>Sets the delay that is waited after each Selenium command.</doc>
<status status="PASS" starttime="20230130 21:19:44.131" endtime="20230130 21:19:44.132"/>
</kw>
<kw name="Set Selenium Timeout" library="SeleniumLibrary">
<arg>5s</arg>
<doc>Sets the timeout that is used by various keywords.</doc>
<status status="PASS" starttime="20230130 21:19:44.132" endtime="20230130 21:19:44.132"/>
</kw>
<kw name="Log" library="BuiltIn">
<arg>Starting the test case!</arg>
<doc>Logs the given message with the given level.</doc>
<msg timestamp="20230130 21:19:44.133" level="INFO">Starting the test case!</msg>
<status status="PASS" starttime="20230130 21:19:44.133" endtime="20230130 21:19:44.133"/>
</kw>
<kw name="Open Browser" library="SeleniumLibrary">
<arg>https://automationplayground.com/crm/</arg>
<arg>chrome</arg>
<doc>Opens a new browser instance to the optional ``url``.</doc>
<msg timestamp="20230130 21:19:44.134" level="INFO">Opening browser 'chrome' to base url 'https://automationplayground.com/crm/'.</msg>
<status status="PASS" starttime="20230130 21:19:44.133" endtime="20230130 21:19:46.090"/>
</kw>
<kw name="Page Should Contain" library="SeleniumLibrary">
<arg>Customers Are Priority One!</arg>
<doc>Verifies that current page contains ``text``.</doc>
<msg timestamp="20230130 21:19:46.532" level="INFO">Current page contains text 'Customers Are Priority One!'.</msg>
<status status="PASS" starttime="20230130 21:19:46.090" endtime="20230130 21:19:46.532"/>
</kw>
<status status="PASS" starttime="20230130 21:19:44.131" endtime="20230130 21:19:46.532"/>
</kw>
<kw name="Open Log In Page" library="MainPage">
<kw name="Click Link" library="SeleniumLibrary">
<arg>id=SignIn</arg>
<doc>Clicks a link identified by ``locator``.</doc>
<msg timestamp="20230130 21:19:46.535" level="INFO">Clicking link 'id=SignIn'.</msg>
<status status="PASS" starttime="20230130 21:19:46.534" endtime="20230130 21:19:47.356"/>
</kw>
<kw name="Page Should Contain" library="SeleniumLibrary">
<arg>Login</arg>
<doc>Verifies that current page contains ``text``.</doc>
<msg timestamp="20230130 21:19:47.793" level="INFO">Current page contains text 'Login'.</msg>
<status status="PASS" starttime="20230130 21:19:47.356" endtime="20230130 21:19:47.793"/>
</kw>
<status status="PASS" starttime="20230130 21:19:46.534" endtime="20230130 21:19:47.793"/>
</kw>
<kw name="Log In" library="LoginPage">
<kw name="Input Email" library="LoginPage">
<kw name="Input Text" library="SeleniumLibrary">
<arg>id=email-id</arg>
<arg>admin@fakeemail.com</arg>
<doc>Types the given ``text`` into the text field identified by ``locator``.</doc>
<msg timestamp="20230130 21:19:47.796" level="INFO">Typing text 'admin@fakeemail.com' into text field 'id=email-id'.</msg>
<status status="PASS" starttime="20230130 21:19:47.796" endtime="20230130 21:19:48.501"/>
</kw>
<status status="PASS" starttime="20230130 21:19:47.795" endtime="20230130 21:19:48.501"/>
</kw>
<kw name="Input Password" library="LoginPage">
<kw name="Input Text" library="SeleniumLibrary">
<arg>id=password</arg>
<arg>qwerty123</arg>
<doc>Types the given ``text`` into the text field identified by ``locator``.</doc>
<msg timestamp="20230130 21:19:48.503" level="INFO">Typing text 'qwerty123' into text field 'id=password'.</msg>
<status status="PASS" starttime="20230130 21:19:48.502" endtime="20230130 21:19:49.197"/>
</kw>
<status status="PASS" starttime="20230130 21:19:48.501" endtime="20230130 21:19:49.197"/>
</kw>
<kw name="Submit Login" library="LoginPage">
<kw name="Click Button" library="SeleniumLibrary">
<arg>Submit</arg>
<doc>Clicks the button identified by ``locator``.</doc>
<msg timestamp="20230130 21:19:49.198" level="INFO">Clicking button 'Submit'.</msg>
<status status="PASS" starttime="20230130 21:19:49.197" endtime="20230130 21:19:50.408"/>
</kw>
<status status="PASS" starttime="20230130 21:19:49.197" endtime="20230130 21:19:50.408"/>
</kw>
<status status="PASS" starttime="20230130 21:19:47.795" endtime="20230130 21:19:50.409"/>
</kw>
<kw name="Add New User" library="HomePage">
<kw name="Input Email" library="HomePage">
<kw name="Input Text" library="SeleniumLibrary">
<arg>id=EmailAddress</arg>
<arg>max.mustermann@fakemail.com</arg>
<doc>Types the given ``text`` into the text field identified by ``locator``.</doc>
<msg timestamp="20230130 21:19:50.410" level="INFO">Typing text 'max.mustermann@fakemail.com' into text field 'id=EmailAddress'.</msg>
<msg timestamp="20230130 21:19:50.926" level="INFO" html="true">&lt;/td&gt;&lt;/tr&gt;&lt;tr&gt;&lt;td colspan="3"&gt;&lt;a href="selenium-screenshot-1.png"&gt;&lt;img src="selenium-screenshot-1.png" width="800px"&gt;&lt;/a&gt;</msg>
<msg timestamp="20230130 21:19:50.926" level="FAIL">Element with locator 'id=EmailAddress' not found.</msg>
<status status="FAIL" starttime="20230130 21:19:50.410" endtime="20230130 21:19:50.929"/>
</kw>
<status status="FAIL" starttime="20230130 21:19:50.410" endtime="20230130 21:19:50.929"/>
</kw>
<kw name="Input FirstName" library="HomePage">
<status status="NOT RUN" starttime="20230130 21:19:50.929" endtime="20230130 21:19:50.930"/>
</kw>
<kw name="Input LastName" library="HomePage">
<status status="NOT RUN" starttime="20230130 21:19:50.930" endtime="20230130 21:19:50.930"/>
</kw>
<kw name="Input City" library="HomePage">
<status status="NOT RUN" starttime="20230130 21:19:50.930" endtime="20230130 21:19:50.930"/>
</kw>
<kw name="Select State or Region" library="HomePage">
<status status="NOT RUN" starttime="20230130 21:19:50.930" endtime="20230130 21:19:50.930"/>
</kw>
<kw name="Select Gender" library="HomePage">
<status status="NOT RUN" starttime="20230130 21:19:50.930" endtime="20230130 21:19:50.930"/>
</kw>
<kw name="Confirm adding to promotial List" library="HomePage">
<status status="NOT RUN" starttime="20230130 21:19:50.930" endtime="20230130 21:19:50.930"/>
</kw>
<kw name="Submit adding a new User" library="HomePage">
<status status="NOT RUN" starttime="20230130 21:19:50.930" endtime="20230130 21:19:50.930"/>
</kw>
<status status="FAIL" starttime="20230130 21:19:50.409" endtime="20230130 21:19:50.930"/>
</kw>
<kw name="End Web Test" library="common" type="TEARDOWN">
<kw name="Sleep" library="BuiltIn">
<arg>3s</arg>
<doc>Pauses the test executed for the given time.</doc>
<msg timestamp="20230130 21:19:53.934" level="INFO">Slept 3 seconds</msg>
<status status="PASS" starttime="20230130 21:19:50.931" endtime="20230130 21:19:53.934"/>
</kw>
<kw name="Close Browser" library="SeleniumLibrary">
<doc>Closes the current browser.</doc>
<status status="PASS" starttime="20230130 21:19:53.934" endtime="20230130 21:19:56.237"/>
</kw>
<status status="PASS" starttime="20230130 21:19:50.931" endtime="20230130 21:19:56.237"/>
</kw>
<doc>This is some basic info about the test 3</doc>
<tag>1008</tag>
<tag>Contacts</tag>
<tag>Smoke</tag>
<status status="FAIL" starttime="20230130 21:19:44.129" endtime="20230130 21:19:56.239">Element with locator 'id=EmailAddress' not found.</status>
</test>
<doc>This is some basic info about the whole suite</doc>
<status status="FAIL" starttime="20230130 21:19:23.571" endtime="20230130 21:19:56.243"/>
</suite>
<statistics>
<total>
<stat pass="2" fail="1" skip="0">All Tests</stat>
</total>
<tag>
<stat pass="1" fail="0" skip="0">1006</stat>
<stat pass="1" fail="0" skip="0">1007</stat>
<stat pass="0" fail="1" skip="0">1008</stat>
<stat pass="2" fail="1" skip="0">Contacts</stat>
<stat pass="2" fail="1" skip="0">Smoke</stat>
</tag>
<suite>
<stat pass="2" fail="1" skip="0" id="s1" name="Crm">Crm</stat>
</suite>
</statistics>
<errors>
</errors>
</robot>
