<?xml version="1.0" encoding="UTF-8"?>
<robot generator="Robot 6.0.2 (Python 3.9.13 on win32)" generated="20230202 21:40:04.462" rpa="false" schemaversion="3">
<suite id="s1" name="Crm" source="C:\development\robot-scripts\robotframework_course_test_automation\Tests\crm.robot">
<test id="s1-t1" name="User can add new customer" line="24">
<kw name="Begin Web Test" library="common" type="SETUP">
<kw name="Set Selenium Speed" library="SeleniumLibrary">
<arg>.2s</arg>
<doc>Sets the delay that is waited after each Selenium command.</doc>
<status status="PASS" starttime="20230202 21:40:04.592" endtime="20230202 21:40:04.592"/>
</kw>
<kw name="Set Selenium Timeout" library="SeleniumLibrary">
<arg>5s</arg>
<doc>Sets the timeout that is used by various keywords.</doc>
<status status="PASS" starttime="20230202 21:40:04.592" endtime="20230202 21:40:04.592"/>
</kw>
<kw name="Log" library="BuiltIn">
<arg>Starting the test case!</arg>
<doc>Logs the given message with the given level.</doc>
<msg timestamp="20230202 21:40:04.592" level="INFO">Starting the test case!</msg>
<status status="PASS" starttime="20230202 21:40:04.592" endtime="20230202 21:40:04.592"/>
</kw>
<kw name="Open Browser" library="SeleniumLibrary">
<arg>about:blank</arg>
<arg>${BROWSER}</arg>
<doc>Opens a new browser instance to the optional ``url``.</doc>
<msg timestamp="20230202 21:40:04.593" level="INFO">Opening browser 'chrome' to base url 'about:blank'.</msg>
<status status="PASS" starttime="20230202 21:40:04.592" endtime="20230202 21:40:05.833"/>
</kw>
<status status="PASS" starttime="20230202 21:40:04.592" endtime="20230202 21:40:05.833"/>
</kw>
<kw name="Sign In" library="crm">
<kw name="Load" library="LandingPage">
<kw name="Go To" library="SeleniumLibrary">
<arg>${LANDING_PAGE_URL}</arg>
<doc>Navigates the current browser window to the provided ``url``.</doc>
<msg timestamp="20230202 21:40:05.835" level="INFO">Opening url 'https://automationplayground.com/crm/'</msg>
<status status="PASS" starttime="20230202 21:40:05.835" endtime="20230202 21:40:07.406"/>
</kw>
<status status="PASS" starttime="20230202 21:40:05.835" endtime="20230202 21:40:07.406"/>
</kw>
<kw name="Verify Landing Page Loaded" library="LandingPage">
<kw name="Wait Until Page Contains" library="SeleniumLibrary">
<arg>Customers Are Priority One!</arg>
<doc>Waits until ``text`` appears on the current page.</doc>
<status status="PASS" starttime="20230202 21:40:07.407" endtime="20230202 21:40:07.639"/>
</kw>
<status status="PASS" starttime="20230202 21:40:07.407" endtime="20230202 21:40:07.639"/>
</kw>
<kw name="Click Sign In Link" library="TopNav">
<kw name="Click Link" library="SeleniumLibrary">
<arg>${sign_in_link}</arg>
<doc>Clicks a link identified by ``locator``.</doc>
<msg timestamp="20230202 21:40:07.641" level="INFO">Clicking link 'id=SignIn'.</msg>
<status status="PASS" starttime="20230202 21:40:07.640" endtime="20230202 21:40:08.701"/>
</kw>
<status status="PASS" starttime="20230202 21:40:07.640" endtime="20230202 21:40:08.701"/>
</kw>
<kw name="Verify Sign In Page Loaded" library="SignInPage">
<kw name="Wait Until Page Contains" library="SeleniumLibrary">
<arg>Login</arg>
<doc>Waits until ``text`` appears on the current page.</doc>
<status status="PASS" starttime="20230202 21:40:08.702" endtime="20230202 21:40:08.919"/>
</kw>
<status status="PASS" starttime="20230202 21:40:08.701" endtime="20230202 21:40:08.919"/>
</kw>
<kw name="Sign In" library="SignInPage">
<kw name="Input Text" library="SeleniumLibrary">
<arg>${login_email_field}</arg>
<arg>${LOGIN_EMAIL}</arg>
<doc>Types the given ``text`` into the text field identified by ``locator``.</doc>
<msg timestamp="20230202 21:40:08.921" level="INFO">Typing text 'max.mustermann@fakemail.com' into text field 'id=email-id'.</msg>
<status status="PASS" starttime="20230202 21:40:08.920" endtime="20230202 21:40:09.644"/>
</kw>
<kw name="Input Text" library="SeleniumLibrary">
<arg>${login_password_field}</arg>
<arg>${LOGIN_PASSWORD}</arg>
<doc>Types the given ``text`` into the text field identified by ``locator``.</doc>
<msg timestamp="20230202 21:40:09.645" level="INFO">Typing text 'abc123' into text field 'id=password'.</msg>
<status status="PASS" starttime="20230202 21:40:09.644" endtime="20230202 21:40:10.351"/>
</kw>
<kw name="Click Button" library="SeleniumLibrary">
<arg>${submit_button}</arg>
<doc>Clicks the button identified by ``locator``.</doc>
<msg timestamp="20230202 21:40:10.352" level="INFO">Clicking button 'Submit'.</msg>
<status status="PASS" starttime="20230202 21:40:10.351" endtime="20230202 21:40:11.730"/>
</kw>
<status status="PASS" starttime="20230202 21:40:08.919" endtime="20230202 21:40:11.731"/>
</kw>
<kw name="Verify Home Page Loaded" library="HomePage">
<kw name="Wait Until Page Contains" library="SeleniumLibrary">
<arg>Our Happy Customers</arg>
<doc>Waits until ``text`` appears on the current page.</doc>
<status status="PASS" starttime="20230202 21:40:11.731" endtime="20230202 21:40:11.953"/>
</kw>
<status status="PASS" starttime="20230202 21:40:11.731" endtime="20230202 21:40:11.953"/>
</kw>
<status status="PASS" starttime="20230202 21:40:05.834" endtime="20230202 21:40:11.953"/>
</kw>
<kw name="Add New Customer" library="crm">
<kw name="Click New Customer Button" library="HomePage">
<kw name="Click Link" library="SeleniumLibrary">
<arg>${NEW_CUSTOMER_BUTTON}</arg>
<doc>Clicks a link identified by ``locator``.</doc>
<msg timestamp="20230202 21:40:11.956" level="INFO">Clicking link 'id=new-customer'.</msg>
<status status="PASS" starttime="20230202 21:40:11.955" endtime="20230202 21:40:13.033"/>
</kw>
<status status="PASS" starttime="20230202 21:40:11.955" endtime="20230202 21:40:13.033"/>
</kw>
<kw name="Verify Add New Customer Page Loaded" library="AddNewCustomerPage">
<kw name="Wait Until Page Contains" library="SeleniumLibrary">
<arg>Add Customer</arg>
<doc>Waits until ``text`` appears on the current page.</doc>
<status status="PASS" starttime="20230202 21:40:13.034" endtime="20230202 21:40:13.254"/>
</kw>
<status status="PASS" starttime="20230202 21:40:13.033" endtime="20230202 21:40:13.254"/>
</kw>
<kw name="Add New Customer" library="AddNewCustomerPage">
<arg>${new_user_email}</arg>
<arg>${first_name}</arg>
<arg>${last_name}</arg>
<arg>${city}</arg>
<arg>${state_or_region}</arg>
<arg>${gender}</arg>
<kw name="Fill &quot;Email&quot; Field" library="AddNewCustomerPage">
<arg>${new_user_email}</arg>
<kw name="Input Text" library="SeleniumLibrary">
<arg>${email_field}</arg>
<arg>${new_user_email}</arg>
<doc>Types the given ``text`` into the text field identified by ``locator``.</doc>
<msg timestamp="20230202 21:40:13.258" level="INFO">Typing text 'vp@mail.com' into text field 'id=EmailAddress'.</msg>
<status status="PASS" starttime="20230202 21:40:13.257" endtime="20230202 21:40:13.978"/>
</kw>
<status status="PASS" starttime="20230202 21:40:13.256" endtime="20230202 21:40:13.978"/>
</kw>
<kw name="Fill &quot;Firstname&quot; Field" library="AddNewCustomerPage">
<arg>${first_name}</arg>
<kw name="Input Text" library="SeleniumLibrary">
<arg>${first_name_field}</arg>
<arg>${first_name}</arg>
<doc>Types the given ``text`` into the text field identified by ``locator``.</doc>
<msg timestamp="20230202 21:40:13.980" level="INFO">Typing text 'Vladimir' into text field 'id=FirstName'.</msg>
<status status="PASS" starttime="20230202 21:40:13.979" endtime="20230202 21:40:14.704"/>
</kw>
<status status="PASS" starttime="20230202 21:40:13.978" endtime="20230202 21:40:14.704"/>
</kw>
<kw name="Fill &quot;Lastname&quot; Field" library="AddNewCustomerPage">
<arg>${last_name}</arg>
<kw name="Input Text" library="SeleniumLibrary">
<arg>${last_name_field}</arg>
<arg>${last_name}</arg>
<doc>Types the given ``text`` into the text field identified by ``locator``.</doc>
<msg timestamp="20230202 21:40:14.706" level="INFO">Typing text 'Popov' into text field 'id=LastName'.</msg>
<status status="PASS" starttime="20230202 21:40:14.705" endtime="20230202 21:40:15.426"/>
</kw>
<status status="PASS" starttime="20230202 21:40:14.705" endtime="20230202 21:40:15.426"/>
</kw>
<kw name="Fill &quot;City&quot; Field" library="AddNewCustomerPage">
<arg>${city}</arg>
<kw name="Input Text" library="SeleniumLibrary">
<arg>${city_field}</arg>
<arg>${city}</arg>
<doc>Types the given ``text`` into the text field identified by ``locator``.</doc>
<msg timestamp="20230202 21:40:15.428" level="INFO">Typing text 'Dallas' into text field 'id=City'.</msg>
<status status="PASS" starttime="20230202 21:40:15.427" endtime="20230202 21:40:16.163"/>
</kw>
<status status="PASS" starttime="20230202 21:40:15.427" endtime="20230202 21:40:16.163"/>
</kw>
<kw name="Select State Or Region" library="AddNewCustomerPage">
<arg>${state_or_region}</arg>
<kw name="Select From List By Value" library="SeleniumLibrary">
<arg>${state_or_region_field}</arg>
<arg>${state_or_region}</arg>
<doc>Selects options from selection list ``locator`` by ``values``.</doc>
<msg timestamp="20230202 21:40:16.165" level="INFO">Selecting options from selection list 'StateOrRegion' by value CA.</msg>
<status status="PASS" starttime="20230202 21:40:16.164" endtime="20230202 21:40:17.734"/>
</kw>
<status status="PASS" starttime="20230202 21:40:16.164" endtime="20230202 21:40:17.734"/>
</kw>
<kw name="Select Gender" library="AddNewCustomerPage">
<arg>${gender}</arg>
<kw name="Select Radio Button" library="SeleniumLibrary">
<arg>${gender_field}</arg>
<arg>${gender}</arg>
<doc>Sets the radio button group ``group_name`` to ``value``.</doc>
<msg timestamp="20230202 21:40:17.736" level="INFO">Selecting 'male' from radio button 'gender'.</msg>
<status status="PASS" starttime="20230202 21:40:17.735" endtime="20230202 21:40:18.428"/>
</kw>
<status status="PASS" starttime="20230202 21:40:17.734" endtime="20230202 21:40:18.428"/>
</kw>
<kw name="Add Customer To Promotional List" library="AddNewCustomerPage">
<kw name="Select Checkbox" library="SeleniumLibrary">
<arg>${add_customer_to_promotional_check_box}</arg>
<doc>Selects the checkbox identified by ``locator``.</doc>
<msg timestamp="20230202 21:40:18.430" level="INFO">Selecting checkbox 'promos-name'.</msg>
<status status="PASS" starttime="20230202 21:40:18.429" endtime="20230202 21:40:19.330"/>
</kw>
<status status="PASS" starttime="20230202 21:40:18.429" endtime="20230202 21:40:19.330"/>
</kw>
<kw name="Click &quot;Submit&quot; Button" library="AddNewCustomerPage">
<kw name="Click Button" library="SeleniumLibrary">
<arg>${add_new_user_submit_button}</arg>
<doc>Clicks the button identified by ``locator``.</doc>
<msg timestamp="20230202 21:40:19.332" level="INFO">Clicking button 'Submit'.</msg>
<status status="PASS" starttime="20230202 21:40:19.331" endtime="20230202 21:40:20.421"/>
</kw>
<status status="PASS" starttime="20230202 21:40:19.331" endtime="20230202 21:40:20.421"/>
</kw>
<status status="PASS" starttime="20230202 21:40:13.255" endtime="20230202 21:40:20.421"/>
</kw>
<kw name="Verify New Customer Added" library="HomePage">
<kw name="Wait Until Page Contains" library="SeleniumLibrary">
<arg>Success! New customer added.</arg>
<doc>Waits until ``text`` appears on the current page.</doc>
<status status="PASS" starttime="20230202 21:40:20.422" endtime="20230202 21:40:20.657"/>
</kw>
<status status="PASS" starttime="20230202 21:40:20.422" endtime="20230202 21:40:20.657"/>
</kw>
<status status="PASS" starttime="20230202 21:40:11.954" endtime="20230202 21:40:20.657"/>
</kw>
<kw name="Sign Out" library="crm">
<kw name="Click Sign Out Link" library="TopNav">
<kw name="Click Link" library="SeleniumLibrary">
<arg>${sign_out_link}</arg>
<doc>Clicks a link identified by ``locator``.</doc>
<msg timestamp="20230202 21:40:20.661" level="INFO">Clicking link 'Sign Out'.</msg>
<status status="PASS" starttime="20230202 21:40:20.660" endtime="20230202 21:40:21.507"/>
</kw>
<status status="PASS" starttime="20230202 21:40:20.659" endtime="20230202 21:40:21.507"/>
</kw>
<kw name="Verify Sign Out Page Loaded" library="SignOutPage">
<kw name="Wait Until Page Contains" library="SeleniumLibrary">
<arg>Signed Out</arg>
<doc>Waits until ``text`` appears on the current page.</doc>
<status status="PASS" starttime="20230202 21:40:21.508" endtime="20230202 21:40:21.740"/>
</kw>
<status status="PASS" starttime="20230202 21:40:21.508" endtime="20230202 21:40:21.740"/>
</kw>
<status status="PASS" starttime="20230202 21:40:20.659" endtime="20230202 21:40:21.740"/>
</kw>
<kw name="End Web Test" library="common" type="TEARDOWN">
<kw name="Sleep" library="BuiltIn">
<arg>3s</arg>
<doc>Pauses the test executed for the given time.</doc>
<msg timestamp="20230202 21:40:24.757" level="INFO">Slept 3 seconds</msg>
<status status="PASS" starttime="20230202 21:40:21.743" endtime="20230202 21:40:24.757"/>
</kw>
<kw name="Close Browser" library="SeleniumLibrary">
<doc>Closes the current browser.</doc>
<status status="PASS" starttime="20230202 21:40:24.757" endtime="20230202 21:40:27.048"/>
</kw>
<status status="PASS" starttime="20230202 21:40:21.742" endtime="20230202 21:40:27.048"/>
</kw>
<status status="PASS" starttime="20230202 21:40:04.591" endtime="20230202 21:40:27.049"/>
</test>
<doc>This is some basic info about the whole suite</doc>
<status status="PASS" starttime="20230202 21:40:04.464" endtime="20230202 21:40:27.053"/>
</suite>
<statistics>
<total>
<stat pass="1" fail="0" skip="0">All Tests</stat>
</total>
<tag>
</tag>
<suite>
<stat pass="1" fail="0" skip="0" id="s1" name="Crm">Crm</stat>
</suite>
</statistics>
<errors>
<msg timestamp="20230202 21:40:04.567" level="ERROR">Error in file 'C:\development\robot-scripts\robotframework_course_test_automation\Tests\crm.robot' on line 5: Setting 'Test Setup' is not allowed in resource file.</msg>
<msg timestamp="20230202 21:40:04.568" level="ERROR">Error in file 'C:\development\robot-scripts\robotframework_course_test_automation\Tests\crm.robot' on line 6: Setting 'Task Teardown' is not allowed in resource file.</msg>
<msg timestamp="20230202 21:40:04.569" level="ERROR">Error in file 'C:\development\robot-scripts\robotframework_course_test_automation\Resources\common.robot' on line 3: Error in file 'C:\development\robot-scripts\robotframework_course_test_automation\Tests\crm.robot' on line 23: Resource file with 'Test Cases' section is invalid.</msg>
<msg timestamp="20230202 21:40:04.574" level="ERROR">Error in file 'C:\development\robot-scripts\robotframework_course_test_automation\Tests\crm.robot' on line 5: Setting 'Test Setup' is not allowed in resource file.</msg>
<msg timestamp="20230202 21:40:04.575" level="ERROR">Error in file 'C:\development\robot-scripts\robotframework_course_test_automation\Tests\crm.robot' on line 6: Setting 'Task Teardown' is not allowed in resource file.</msg>
<msg timestamp="20230202 21:40:04.575" level="ERROR">Error in file 'C:\development\robot-scripts\robotframework_course_test_automation\Resources\Page Objects\LandingPage.robot' on line 3: Error in file 'C:\development\robot-scripts\robotframework_course_test_automation\Tests\crm.robot' on line 23: Resource file with 'Test Cases' section is invalid.</msg>
<msg timestamp="20230202 21:40:04.580" level="ERROR">Error in file 'C:\development\robot-scripts\robotframework_course_test_automation\Tests\crm.robot' on line 5: Setting 'Test Setup' is not allowed in resource file.</msg>
<msg timestamp="20230202 21:40:04.581" level="ERROR">Error in file 'C:\development\robot-scripts\robotframework_course_test_automation\Tests\crm.robot' on line 6: Setting 'Task Teardown' is not allowed in resource file.</msg>
<msg timestamp="20230202 21:40:04.581" level="ERROR">Error in file 'C:\development\robot-scripts\robotframework_course_test_automation\Resources\Page Objects\SignInPage.robot' on line 3: Error in file 'C:\development\robot-scripts\robotframework_course_test_automation\Tests\crm.robot' on line 23: Resource file with 'Test Cases' section is invalid.</msg>
<msg timestamp="20230202 21:40:04.586" level="ERROR">Error in file 'C:\development\robot-scripts\robotframework_course_test_automation\Tests\crm.robot' on line 5: Setting 'Test Setup' is not allowed in resource file.</msg>
<msg timestamp="20230202 21:40:04.587" level="ERROR">Error in file 'C:\development\robot-scripts\robotframework_course_test_automation\Tests\crm.robot' on line 6: Setting 'Task Teardown' is not allowed in resource file.</msg>
<msg timestamp="20230202 21:40:04.587" level="ERROR">Error in file 'C:\development\robot-scripts\robotframework_course_test_automation\Resources\Page Objects\AddNewCustomerPage.robot' on line 3: Error in file 'C:\development\robot-scripts\robotframework_course_test_automation\Tests\crm.robot' on line 23: Resource file with 'Test Cases' section is invalid.</msg>
</errors>
</robot>
