<?xml version="1.0" encoding="UTF-8"?>
<robot generator="Robot 6.0.2 (Python 3.9.13 on win32)" generated="20230130 19:40:47.635" rpa="false" schemaversion="3">
<suite id="s1" name="Crm" source="C:\development\robot-scripts\robotframework_course_test_automation\tests\crm.robot">
<test id="s1-t1" name="Should be able to add new customer" line="11">
<kw name="Set Selenium Speed" library="SeleniumLibrary">
<arg>.2s</arg>
<doc>Sets the delay that is waited after each Selenium command.</doc>
<status status="PASS" starttime="20230130 19:40:47.741" endtime="20230130 19:40:47.741"/>
</kw>
<kw name="Set Selenium Timeout" library="SeleniumLibrary">
<arg>5s</arg>
<doc>Sets the timeout that is used by various keywords.</doc>
<status status="PASS" starttime="20230130 19:40:47.742" endtime="20230130 19:40:47.742"/>
</kw>
<kw name="Log" library="BuiltIn">
<arg>Starting the test case!</arg>
<doc>Logs the given message with the given level.</doc>
<msg timestamp="20230130 19:40:47.742" level="INFO">Starting the test case!</msg>
<status status="PASS" starttime="20230130 19:40:47.742" endtime="20230130 19:40:47.742"/>
</kw>
<kw name="Open Browser" library="SeleniumLibrary">
<arg>https://automationplayground.com/crm/</arg>
<arg>chrome</arg>
<doc>Opens a new browser instance to the optional ``url``.</doc>
<msg timestamp="20230130 19:40:47.742" level="INFO">Opening browser 'chrome' to base url 'https://automationplayground.com/crm/'.</msg>
<status status="PASS" starttime="20230130 19:40:47.742" endtime="20230130 19:40:49.985"/>
</kw>
<kw name="Page Should Contain" library="SeleniumLibrary">
<arg>Customers Are Priority One!</arg>
<doc>Verifies that current page contains ``text``.</doc>
<msg timestamp="20230130 19:40:50.419" level="INFO">Current page contains text 'Customers Are Priority One!'.</msg>
<status status="PASS" starttime="20230130 19:40:49.986" endtime="20230130 19:40:50.419"/>
</kw>
<kw name="Click Link" library="SeleniumLibrary">
<arg>id=SignIn</arg>
<doc>Clicks a link identified by ``locator``.</doc>
<msg timestamp="20230130 19:40:50.421" level="INFO">Clicking link 'id=SignIn'.</msg>
<status status="PASS" starttime="20230130 19:40:50.420" endtime="20230130 19:40:51.280"/>
</kw>
<kw name="Page Should Contain" library="SeleniumLibrary">
<arg>Login</arg>
<doc>Verifies that current page contains ``text``.</doc>
<msg timestamp="20230130 19:40:51.716" level="INFO">Current page contains text 'Login'.</msg>
<status status="PASS" starttime="20230130 19:40:51.280" endtime="20230130 19:40:51.716"/>
</kw>
<kw name="Input Text" library="SeleniumLibrary">
<arg>id=email-id</arg>
<arg>admin@fakeemail.com</arg>
<doc>Types the given ``text`` into the text field identified by ``locator``.</doc>
<msg timestamp="20230130 19:40:51.718" level="INFO">Typing text 'admin@fakeemail.com' into text field 'id=email-id'.</msg>
<status status="PASS" starttime="20230130 19:40:51.717" endtime="20230130 19:40:52.456"/>
</kw>
<kw name="Input Text" library="SeleniumLibrary">
<arg>id=password</arg>
<arg>qwerty123</arg>
<doc>Types the given ``text`` into the text field identified by ``locator``.</doc>
<msg timestamp="20230130 19:40:52.458" level="INFO">Typing text 'qwerty123' into text field 'id=password'.</msg>
<status status="PASS" starttime="20230130 19:40:52.457" endtime="20230130 19:40:53.148"/>
</kw>
<kw name="Click Button" library="SeleniumLibrary">
<arg>Submit</arg>
<doc>Clicks the button identified by ``locator``.</doc>
<msg timestamp="20230130 19:40:53.149" level="INFO">Clicking button 'Submit'.</msg>
<status status="PASS" starttime="20230130 19:40:53.149" endtime="20230130 19:40:54.353"/>
</kw>
<kw name="Page Should Contain" library="SeleniumLibrary">
<arg>Our Happy Customers</arg>
<doc>Verifies that current page contains ``text``.</doc>
<msg timestamp="20230130 19:40:54.778" level="INFO">Current page contains text 'Our Happy Customers'.</msg>
<status status="PASS" starttime="20230130 19:40:54.354" endtime="20230130 19:40:54.778"/>
</kw>
<kw name="Click Link" library="SeleniumLibrary">
<arg>id=new-customer</arg>
<doc>Clicks a link identified by ``locator``.</doc>
<msg timestamp="20230130 19:40:54.780" level="INFO">Clicking link 'id=new-customer'.</msg>
<status status="PASS" starttime="20230130 19:40:54.779" endtime="20230130 19:40:55.793"/>
</kw>
<kw name="Page Should Contain" library="SeleniumLibrary">
<arg>Add Customer</arg>
<doc>Verifies that current page contains ``text``.</doc>
<msg timestamp="20230130 19:40:56.219" level="INFO">Current page contains text 'Add Customer'.</msg>
<status status="PASS" starttime="20230130 19:40:55.794" endtime="20230130 19:40:56.219"/>
</kw>
<kw name="Input Text" library="SeleniumLibrary">
<arg>id=EmailAddress</arg>
<arg>max.mustermann@fakemail.com</arg>
<doc>Types the given ``text`` into the text field identified by ``locator``.</doc>
<msg timestamp="20230130 19:40:56.221" level="INFO">Typing text 'max.mustermann@fakemail.com' into text field 'id=EmailAddress'.</msg>
<status status="PASS" starttime="20230130 19:40:56.220" endtime="20230130 19:40:56.960"/>
</kw>
<kw name="Input Text" library="SeleniumLibrary">
<arg>id=FirstName</arg>
<arg>Max</arg>
<doc>Types the given ``text`` into the text field identified by ``locator``.</doc>
<msg timestamp="20230130 19:40:56.962" level="INFO">Typing text 'Max' into text field 'id=FirstName'.</msg>
<status status="PASS" starttime="20230130 19:40:56.961" endtime="20230130 19:40:57.699"/>
</kw>
<kw name="Input Text" library="SeleniumLibrary">
<arg>id=LastName</arg>
<arg>Mustermann</arg>
<doc>Types the given ``text`` into the text field identified by ``locator``.</doc>
<msg timestamp="20230130 19:40:57.701" level="INFO">Typing text 'Mustermann' into text field 'id=LastName'.</msg>
<status status="PASS" starttime="20230130 19:40:57.700" endtime="20230130 19:40:58.448"/>
</kw>
<kw name="Input Text" library="SeleniumLibrary">
<arg>id=City</arg>
<arg>Berlin</arg>
<doc>Types the given ``text`` into the text field identified by ``locator``.</doc>
<msg timestamp="20230130 19:40:58.449" level="INFO">Typing text 'Berlin' into text field 'id=City'.</msg>
<status status="PASS" starttime="20230130 19:40:58.449" endtime="20230130 19:40:59.186"/>
</kw>
<kw name="Select From List By Value" library="SeleniumLibrary">
<arg>id=StateOrRegion</arg>
<arg>TX</arg>
<doc>Selects options from selection list ``locator`` by ``values``.</doc>
<msg timestamp="20230130 19:40:59.188" level="INFO">Selecting options from selection list 'id=StateOrRegion' by value TX.</msg>
<status status="PASS" starttime="20230130 19:40:59.187" endtime="20230130 19:41:00.978"/>
</kw>
<kw name="Select Radio Button" library="SeleniumLibrary">
<arg>gender</arg>
<arg>male</arg>
<doc>Sets the radio button group ``group_name`` to ``value``.</doc>
<msg timestamp="20230130 19:41:00.979" level="INFO">Selecting 'male' from radio button 'gender'.</msg>
<status status="PASS" starttime="20230130 19:41:00.979" endtime="20230130 19:41:01.669"/>
</kw>
<kw name="Select Checkbox" library="SeleniumLibrary">
<arg>promos-name</arg>
<doc>Selects the checkbox identified by ``locator``.</doc>
<msg timestamp="20230130 19:41:01.671" level="INFO">Selecting checkbox 'promos-name'.</msg>
<status status="PASS" starttime="20230130 19:41:01.670" endtime="20230130 19:41:02.582"/>
</kw>
<kw name="Click Button" library="SeleniumLibrary">
<arg>Submit</arg>
<doc>Clicks the button identified by ``locator``.</doc>
<msg timestamp="20230130 19:41:02.584" level="INFO">Clicking button 'Submit'.</msg>
<status status="PASS" starttime="20230130 19:41:02.583" endtime="20230130 19:41:03.653"/>
</kw>
<kw name="Page Should Contain" library="SeleniumLibrary">
<arg>Success! New customer added.</arg>
<doc>Verifies that current page contains ``text``.</doc>
<msg timestamp="20230130 19:41:04.092" level="INFO">Current page contains text 'Success! New customer added.'.</msg>
<status status="PASS" starttime="20230130 19:41:03.654" endtime="20230130 19:41:04.092"/>
</kw>
<kw name="Sleep" library="BuiltIn">
<arg>3s</arg>
<doc>Pauses the test executed for the given time.</doc>
<msg timestamp="20230130 19:41:07.107" level="INFO">Slept 3 seconds</msg>
<status status="PASS" starttime="20230130 19:41:04.093" endtime="20230130 19:41:07.107"/>
</kw>
<kw name="Close Browser" library="SeleniumLibrary">
<doc>Closes the current browser.</doc>
<status status="PASS" starttime="20230130 19:41:07.108" endtime="20230130 19:41:09.386"/>
</kw>
<doc>This is some basic info about the test</doc>
<tag>1006</tag>
<tag>Contacts</tag>
<tag>Smoke</tag>
<status status="PASS" starttime="20230130 19:40:47.740" endtime="20230130 19:41:09.388"/>
</test>
<doc>This is some basic info about the whole suite</doc>
<status status="PASS" starttime="20230130 19:40:47.637" endtime="20230130 19:41:09.390"/>
</suite>
<statistics>
<total>
<stat pass="1" fail="0" skip="0">All Tests</stat>
</total>
<tag>
<stat pass="1" fail="0" skip="0">1006</stat>
<stat pass="1" fail="0" skip="0">Contacts</stat>
<stat pass="1" fail="0" skip="0">Smoke</stat>
</tag>
<suite>
<stat pass="1" fail="0" skip="0" id="s1" name="Crm">Crm</stat>
</suite>
</statistics>
<errors>
</errors>
</robot>
