<?xml version="1.0" encoding="UTF-8"?>
<robot generator="Robot 6.0.2 (Python 3.9.13 on win32)" generated="20230129 21:08:21.430" rpa="false" schemaversion="3">
<suite id="s1" name="Crm" source="C:\development\robot-scripts\robotframework_course_test_automation\Tests\crm.robot">
<test id="s1-t1" name="Should be able to add new customer" line="11">
<kw name="Set Selenium Speed" library="SeleniumLibrary">
<arg>.2s</arg>
<doc>Sets the delay that is waited after each Selenium command.</doc>
<status status="PASS" starttime="20230129 21:08:21.544" endtime="20230129 21:08:21.545"/>
</kw>
<kw name="Set Selenium Timeout" library="SeleniumLibrary">
<arg>5s</arg>
<doc>Sets the timeout that is used by various keywords.</doc>
<status status="PASS" starttime="20230129 21:08:21.545" endtime="20230129 21:08:21.545"/>
</kw>
<kw name="Log" library="BuiltIn">
<arg>Starting the test case!</arg>
<doc>Logs the given message with the given level.</doc>
<msg timestamp="20230129 21:08:21.546" level="INFO">Starting the test case!</msg>
<status status="PASS" starttime="20230129 21:08:21.546" endtime="20230129 21:08:21.546"/>
</kw>
<kw name="Open Browser" library="SeleniumLibrary">
<arg>https://automationplayground.com/crm/</arg>
<arg>chrome</arg>
<doc>Opens a new browser instance to the optional ``url``.</doc>
<msg timestamp="20230129 21:08:21.546" level="INFO">Opening browser 'chrome' to base url 'https://automationplayground.com/crm/'.</msg>
<status status="PASS" starttime="20230129 21:08:21.546" endtime="20230129 21:08:23.341"/>
</kw>
<kw name="Click Link" library="SeleniumLibrary">
<arg>id=SignIn</arg>
<doc>Clicks a link identified by ``locator``.</doc>
<msg timestamp="20230129 21:08:23.343" level="INFO">Clicking link 'id=SignIn'.</msg>
<status status="PASS" starttime="20230129 21:08:23.342" endtime="20230129 21:08:24.164"/>
</kw>
<kw name="Sleep" library="BuiltIn">
<arg>3s</arg>
<doc>Pauses the test executed for the given time.</doc>
<msg timestamp="20230129 21:08:27.169" level="INFO">Slept 3 seconds</msg>
<status status="PASS" starttime="20230129 21:08:24.164" endtime="20230129 21:08:27.169"/>
</kw>
<kw name="Close Browser" library="SeleniumLibrary">
<doc>Closes the current browser.</doc>
<status status="PASS" starttime="20230129 21:08:27.170" endtime="20230129 21:08:29.465"/>
</kw>
<doc>This is some basic info about the test</doc>
<tag>1006</tag>
<tag>Contacts</tag>
<tag>Smoke</tag>
<status status="PASS" starttime="20230129 21:08:21.544" endtime="20230129 21:08:29.466"/>
</test>
<doc>This is some basic info about the whole suite</doc>
<status status="PASS" starttime="20230129 21:08:21.432" endtime="20230129 21:08:29.470"/>
</suite>
<statistics>
<total>
<stat pass="1" fail="0" skip="0">All Tests</stat>
</total>
<tag>
<stat pass="1" fail="0" skip="0">1006</stat>
<stat pass="1" fail="0" skip="0">Contacts</stat>
<stat pass="1" fail="0" skip="0">Smoke</stat>
</tag>
<suite>
<stat pass="1" fail="0" skip="0" id="s1" name="Crm">Crm</stat>
</suite>
</statistics>
<errors>
</errors>
</robot>
